2019-04-10 12:23:50,803 ERROR 12132 nodejs.Error: [egg-view-assets] Run "umi dev" exit with code 1
    at DevServer.exit (C:\Users\ifgame\Desktop\umi-gm\node_modules\egg-view-assets\lib\dev_server.js:124:21)
    at ChildProcess.proc.once.code (C:\Users\ifgame\Desktop\umi-gm\node_modules\egg-view-assets\lib\dev_server.js:64:36)
    at Object.onceWrapper (events.js:277:13)
    at ChildProcess.emit (events.js:189:13)
    at ChildProcess.cp.emit (C:\Users\ifgame\Desktop\umi-gm\node_modules\cross-spawn\lib\enoent.js:34:29)
    at Process.ChildProcess._handle.onexit (internal/child_process.js:248:12)

pid: 12132
hostname: DESKTOP-NCOD5CJ

2019-04-10 12:24:50,730 ERROR 9288 nodejs.Error: [egg-view-assets] Run "umi dev" exit with code 1
    at DevServer.exit (C:\Users\ifgame\Desktop\umi-gm\node_modules\egg-view-assets\lib\dev_server.js:124:21)
    at ChildProcess.proc.once.code (C:\Users\ifgame\Desktop\umi-gm\node_modules\egg-view-assets\lib\dev_server.js:64:36)
    at Object.onceWrapper (events.js:277:13)
    at ChildProcess.emit (events.js:189:13)
    at ChildProcess.cp.emit (C:\Users\ifgame\Desktop\umi-gm\node_modules\cross-spawn\lib\enoent.js:34:29)
    at Process.ChildProcess._handle.onexit (internal/child_process.js:248:12)

pid: 9288
hostname: DESKTOP-NCOD5CJ

2019-04-10 12:26:19,418 ERROR 12920 nodejs.Error: [egg-view-assets] Run "umi dev" exit with code 1
    at DevServer.exit (C:\Users\ifgame\Desktop\umi-gm\node_modules\egg-view-assets\lib\dev_server.js:124:21)
    at ChildProcess.proc.once.code (C:\Users\ifgame\Desktop\umi-gm\node_modules\egg-view-assets\lib\dev_server.js:64:36)
    at Object.onceWrapper (events.js:277:13)
    at ChildProcess.emit (events.js:189:13)
    at ChildProcess.cp.emit (C:\Users\ifgame\Desktop\umi-gm\node_modules\cross-spawn\lib\enoent.js:34:29)
    at Process.ChildProcess._handle.onexit (internal/child_process.js:248:12)

pid: 12920
hostname: DESKTOP-NCOD5CJ

2019-04-10 13:23:27,508 ERROR 8848 nodejs.unhandledExceptionError: read ECONNRESET
    at TCP.onStreamRead (internal/stream_base_commons.js:111:27)
errno: "ECONNRESET"
code: "ECONNRESET"
syscall: "read"
name: "unhandledExceptionError"
pid: 8848
hostname: DESKTOP-NCOD5CJ

2019-04-10 14:08:18,630 ERROR 4072 nodejs.ServerNoResponseError: server 127.0.0.1:54388 no response in 40001ms, maybe the socket is end on the other side. (address: 127.0.0.1:54388)
    at Timeout._heartbeatTimer.setInterval [as _onTimeout] (C:\Users\ifgame\Desktop\umi-gm\node_modules\tcp-base\lib\base.js:427:21)
    at ontimeout (timers.js:436:11)
    at tryOnTimeout (timers.js:300:5)
    at listOnTimeout (timers.js:263:5)
    at Timer.processTimers (timers.js:223:10)
name: "ServerNoResponseError"
pid: 4072
hostname: DESKTOP-NCOD5CJ

2019-04-10 14:08:33,401 ERROR 12812 [-/::1/-/5ms GET /] nodejs.TypeError: Cannot read property 'state' of undefined
    at auth (C:\Users\ifgame\Desktop\umi-gm\app\middleware\auth.js:3:27)
    at dispatch (C:\Users\ifgame\Desktop\umi-gm\node_modules\koa\node_modules\koa-compose\index.js:42:32)
    at C:\Users\ifgame\Desktop\umi-gm\node_modules\egg-development\app\middleware\egg_loader_trace.js:9:56
    at dispatch (C:\Users\ifgame\Desktop\umi-gm\node_modules\koa\node_modules\koa-compose\index.js:42:32)
    at i18n (C:\Users\ifgame\Desktop\umi-gm\node_modules\egg-i18n\app\middleware\i18n.js:13:12)
    at dispatch (C:\Users\ifgame\Desktop\umi-gm\node_modules\koa\node_modules\koa-compose\index.js:42:32)
    at dispatch (C:\Users\ifgame\Desktop\umi-gm\node_modules\egg-security\node_modules\koa-compose\index.js:42:32)
    at dta (C:\Users\ifgame\Desktop\umi-gm\node_modules\egg-security\lib\middlewares\dta.js:12:12)
    at dispatch (C:\Users\ifgame\Desktop\umi-gm\node_modules\egg-security\node_modules\koa-compose\index.js:42:32)
    at xframe (C:\Users\ifgame\Desktop\umi-gm\node_modules\egg-security\lib\middlewares\xframe.js:7:11)

pid: 12812
hostname: DESKTOP-NCOD5CJ

2019-04-10 14:08:33,459 ERROR 12812 [-/::1/-/0ms GET /] nodejs.TypeError: Cannot read property 'state' of undefined
    at auth (C:\Users\ifgame\Desktop\umi-gm\app\middleware\auth.js:3:27)
    at dispatch (C:\Users\ifgame\Desktop\umi-gm\node_modules\koa\node_modules\koa-compose\index.js:42:32)
    at C:\Users\ifgame\Desktop\umi-gm\node_modules\egg-development\app\middleware\egg_loader_trace.js:9:56
    at dispatch (C:\Users\ifgame\Desktop\umi-gm\node_modules\koa\node_modules\koa-compose\index.js:42:32)
    at i18n (C:\Users\ifgame\Desktop\umi-gm\node_modules\egg-i18n\app\middleware\i18n.js:13:12)
    at dispatch (C:\Users\ifgame\Desktop\umi-gm\node_modules\koa\node_modules\koa-compose\index.js:42:32)
    at dispatch (C:\Users\ifgame\Desktop\umi-gm\node_modules\egg-security\node_modules\koa-compose\index.js:42:32)
    at dta (C:\Users\ifgame\Desktop\umi-gm\node_modules\egg-security\lib\middlewares\dta.js:12:12)
    at dispatch (C:\Users\ifgame\Desktop\umi-gm\node_modules\egg-security\node_modules\koa-compose\index.js:42:32)
    at xframe (C:\Users\ifgame\Desktop\umi-gm\node_modules\egg-security\lib\middlewares\xframe.js:7:11)

pid: 12812
hostname: DESKTOP-NCOD5CJ

2019-04-10 14:11:35,647 ERROR 15196 [egg-view-assets] port 8000 has been used
2019-04-10 15:01:04,260 ERROR 8808 nodejs.Error: [egg-view-assets] Run "umi dev" exit with code 1
    at DevServer.exit (C:\Users\ifgame\Desktop\umi-gm\node_modules\egg-view-assets\lib\dev_server.js:124:21)
    at ChildProcess.proc.once.code (C:\Users\ifgame\Desktop\umi-gm\node_modules\egg-view-assets\lib\dev_server.js:64:36)
    at Object.onceWrapper (events.js:277:13)
    at ChildProcess.emit (events.js:189:13)
    at ChildProcess.cp.emit (C:\Users\ifgame\Desktop\umi-gm\node_modules\cross-spawn\lib\enoent.js:34:29)
    at Process.ChildProcess._handle.onexit (internal/child_process.js:248:12)

pid: 8808
hostname: DESKTOP-NCOD5CJ

2019-04-10 16:02:25,207 ERROR 14772 nodejs.Error: [egg-view-assets] Run "umi dev" exit with code 1
    at DevServer.exit (C:\Users\ifgame\Desktop\umi-gm\node_modules\egg-view-assets\lib\dev_server.js:124:21)
    at ChildProcess.proc.once.code (C:\Users\ifgame\Desktop\umi-gm\node_modules\egg-view-assets\lib\dev_server.js:64:36)
    at Object.onceWrapper (events.js:277:13)
    at ChildProcess.emit (events.js:189:13)
    at ChildProcess.cp.emit (C:\Users\ifgame\Desktop\umi-gm\node_modules\cross-spawn\lib\enoent.js:34:29)
    at Process.ChildProcess._handle.onexit (internal/child_process.js:248:12)

pid: 14772
hostname: DESKTOP-NCOD5CJ

2019-04-10 16:02:59,331 ERROR 14236 nodejs.Error: [egg-view-assets] Run "umi dev" exit with code 1
    at DevServer.exit (C:\Users\ifgame\Desktop\umi-gm\node_modules\egg-view-assets\lib\dev_server.js:124:21)
    at ChildProcess.proc.once.code (C:\Users\ifgame\Desktop\umi-gm\node_modules\egg-view-assets\lib\dev_server.js:64:36)
    at Object.onceWrapper (events.js:277:13)
    at ChildProcess.emit (events.js:189:13)
    at ChildProcess.cp.emit (C:\Users\ifgame\Desktop\umi-gm\node_modules\cross-spawn\lib\enoent.js:34:29)
    at Process.ChildProcess._handle.onexit (internal/child_process.js:248:12)

pid: 14236
hostname: DESKTOP-NCOD5CJ

2019-04-10 16:03:44,638 ERROR 4428 nodejs.Error: [egg-view-assets] Run "umi dev" exit with code 1
    at DevServer.exit (C:\Users\ifgame\Desktop\umi-gm\node_modules\egg-view-assets\lib\dev_server.js:124:21)
    at ChildProcess.proc.once.code (C:\Users\ifgame\Desktop\umi-gm\node_modules\egg-view-assets\lib\dev_server.js:64:36)
    at Object.onceWrapper (events.js:277:13)
    at ChildProcess.emit (events.js:189:13)
    at ChildProcess.cp.emit (C:\Users\ifgame\Desktop\umi-gm\node_modules\cross-spawn\lib\enoent.js:34:29)
    at Process.ChildProcess._handle.onexit (internal/child_process.js:248:12)

pid: 4428
hostname: DESKTOP-NCOD5CJ

2019-04-10 16:06:48,889 ERROR 12776 nodejs.Error: [egg-view-assets] Run "umi dev" exit with code 1
    at DevServer.exit (C:\Users\ifgame\Desktop\umi-gm\node_modules\egg-view-assets\lib\dev_server.js:124:21)
    at ChildProcess.proc.once.code (C:\Users\ifgame\Desktop\umi-gm\node_modules\egg-view-assets\lib\dev_server.js:64:36)
    at Object.onceWrapper (events.js:277:13)
    at ChildProcess.emit (events.js:189:13)
    at ChildProcess.cp.emit (C:\Users\ifgame\Desktop\umi-gm\node_modules\cross-spawn\lib\enoent.js:34:29)
    at Process.ChildProcess._handle.onexit (internal/child_process.js:248:12)

pid: 12776
hostname: DESKTOP-NCOD5CJ

2019-04-10 16:24:08,342 ERROR 12312 nodejs.Error: [egg-view-assets] Run "umi dev" exit with code 1
    at DevServer.exit (C:\Users\ifgame\Desktop\umi-gm\node_modules\egg-view-assets\lib\dev_server.js:124:21)
    at ChildProcess.proc.once.code (C:\Users\ifgame\Desktop\umi-gm\node_modules\egg-view-assets\lib\dev_server.js:64:36)
    at Object.onceWrapper (events.js:277:13)
    at ChildProcess.emit (events.js:189:13)
    at ChildProcess.cp.emit (C:\Users\ifgame\Desktop\umi-gm\node_modules\cross-spawn\lib\enoent.js:34:29)
    at Process.ChildProcess._handle.onexit (internal/child_process.js:248:12)

pid: 12312
hostname: DESKTOP-NCOD5CJ

2019-04-10 16:27:07,718 ERROR 10376 nodejs.Error: [egg-view-assets] Run "umi dev" exit with code 1
    at DevServer.exit (C:\Users\ifgame\Desktop\umi-gm\node_modules\egg-view-assets\lib\dev_server.js:124:21)
    at ChildProcess.proc.once.code (C:\Users\ifgame\Desktop\umi-gm\node_modules\egg-view-assets\lib\dev_server.js:64:36)
    at Object.onceWrapper (events.js:277:13)
    at ChildProcess.emit (events.js:189:13)
    at ChildProcess.cp.emit (C:\Users\ifgame\Desktop\umi-gm\node_modules\cross-spawn\lib\enoent.js:34:29)
    at Process.ChildProcess._handle.onexit (internal/child_process.js:248:12)

pid: 10376
hostname: DESKTOP-NCOD5CJ

2019-04-10 17:04:36,093 ERROR 6064 [-/::1/-/7ms GET /login] nodejs.Error: data and hash arguments required
    at Object.compareSync (C:\Users\ifgame\Desktop\umi-gm\node_modules\bcrypt\bcrypt.js:167:15)
    at LoginController.login (C:\Users\ifgame\Desktop\umi-gm\app\controller\login.js:14:16)
    at Object.callFn (C:\Users\ifgame\Desktop\umi-gm\node_modules\egg-core\lib\utils\index.js:44:21)
    at Object.classControllerMiddleware (C:\Users\ifgame\Desktop\umi-gm\node_modules\egg-core\lib\loader\mixin\controller.js:87:20)
    at Object.callFn (C:\Users\ifgame\Desktop\umi-gm\node_modules\@eggjs\router\lib\utils.js:12:21)
    at wrappedController (C:\Users\ifgame\Desktop\umi-gm\node_modules\@eggjs\router\lib\egg_router.js:322:18)
    at dispatch (C:\Users\ifgame\Desktop\umi-gm\node_modules\koa-compose\index.js:44:32)
    at next (C:\Users\ifgame\Desktop\umi-gm\node_modules\koa-compose\index.js:45:18)
    at C:\Users\ifgame\Desktop\umi-gm\node_modules\@eggjs\router\lib\router.js:190:18
    at dispatch (C:\Users\ifgame\Desktop\umi-gm\node_modules\koa-compose\index.js:44:32)

pid: 6064
hostname: DESKTOP-NCOD5CJ

2019-04-10 17:04:36,129 ERROR 6064 nodejs.TypeError: Cannot read property 'query' of undefined
    at UserService.findByUsername (C:\Users\ifgame\Desktop\umi-gm\app\service\user.js:7:36)
    at LoginController.login (C:\Users\ifgame\Desktop\umi-gm\app\controller\login.js:13:35)
    at Object.callFn (C:\Users\ifgame\Desktop\umi-gm\node_modules\egg-core\lib\utils\index.js:44:21)
    at Object.classControllerMiddleware (C:\Users\ifgame\Desktop\umi-gm\node_modules\egg-core\lib\loader\mixin\controller.js:87:20)
    at Object.callFn (C:\Users\ifgame\Desktop\umi-gm\node_modules\@eggjs\router\lib\utils.js:12:21)
    at wrappedController (C:\Users\ifgame\Desktop\umi-gm\node_modules\@eggjs\router\lib\egg_router.js:322:18)
    at dispatch (C:\Users\ifgame\Desktop\umi-gm\node_modules\koa-compose\index.js:44:32)
    at next (C:\Users\ifgame\Desktop\umi-gm\node_modules\koa-compose\index.js:45:18)
    at C:\Users\ifgame\Desktop\umi-gm\node_modules\@eggjs\router\lib\router.js:190:18
    at dispatch (C:\Users\ifgame\Desktop\umi-gm\node_modules\koa-compose\index.js:44:32)

pid: 6064
hostname: DESKTOP-NCOD5CJ

2019-04-10 17:44:57,784 ERROR 14924 [-/::1/-/4ms POST /api/login] nodejs.Error: data and hash arguments required
    at Object.compareSync (C:\Users\ifgame\Desktop\umi-gm\node_modules\bcrypt\bcrypt.js:167:15)
    at LoginController.login (C:\Users\ifgame\Desktop\umi-gm\app\controller\login.js:14:16)
    at Object.callFn (C:\Users\ifgame\Desktop\umi-gm\node_modules\egg-core\lib\utils\index.js:44:21)
    at Object.classControllerMiddleware (C:\Users\ifgame\Desktop\umi-gm\node_modules\egg-core\lib\loader\mixin\controller.js:87:20)
    at Object.callFn (C:\Users\ifgame\Desktop\umi-gm\node_modules\@eggjs\router\lib\utils.js:12:21)
    at wrappedController (C:\Users\ifgame\Desktop\umi-gm\node_modules\@eggjs\router\lib\egg_router.js:322:18)
    at dispatch (C:\Users\ifgame\Desktop\umi-gm\node_modules\koa-compose\index.js:44:32)
    at next (C:\Users\ifgame\Desktop\umi-gm\node_modules\koa-compose\index.js:45:18)
    at C:\Users\ifgame\Desktop\umi-gm\node_modules\@eggjs\router\lib\router.js:190:18
    at dispatch (C:\Users\ifgame\Desktop\umi-gm\node_modules\koa-compose\index.js:44:32)

pid: 14924
hostname: DESKTOP-NCOD5CJ

2019-04-10 17:44:57,820 ERROR 14924 nodejs.TypeError: Cannot read property 'query' of undefined
    at UserService.findByUsername (C:\Users\ifgame\Desktop\umi-gm\app\service\user.js:7:36)
    at LoginController.login (C:\Users\ifgame\Desktop\umi-gm\app\controller\login.js:13:35)
    at Object.callFn (C:\Users\ifgame\Desktop\umi-gm\node_modules\egg-core\lib\utils\index.js:44:21)
    at Object.classControllerMiddleware (C:\Users\ifgame\Desktop\umi-gm\node_modules\egg-core\lib\loader\mixin\controller.js:87:20)
    at Object.callFn (C:\Users\ifgame\Desktop\umi-gm\node_modules\@eggjs\router\lib\utils.js:12:21)
    at wrappedController (C:\Users\ifgame\Desktop\umi-gm\node_modules\@eggjs\router\lib\egg_router.js:322:18)
    at dispatch (C:\Users\ifgame\Desktop\umi-gm\node_modules\koa-compose\index.js:44:32)
    at next (C:\Users\ifgame\Desktop\umi-gm\node_modules\koa-compose\index.js:45:18)
    at C:\Users\ifgame\Desktop\umi-gm\node_modules\@eggjs\router\lib\router.js:190:18
    at dispatch (C:\Users\ifgame\Desktop\umi-gm\node_modules\koa-compose\index.js:44:32)

pid: 14924
hostname: DESKTOP-NCOD5CJ

2019-04-10 17:45:46,080 ERROR 15208 [-/::1/-/4ms POST /login] nodejs.Error: data and hash arguments required
    at Object.compareSync (C:\Users\ifgame\Desktop\umi-gm\node_modules\bcrypt\bcrypt.js:167:15)
    at LoginController.login (C:\Users\ifgame\Desktop\umi-gm\app\controller\login.js:14:16)
    at Object.callFn (C:\Users\ifgame\Desktop\umi-gm\node_modules\egg-core\lib\utils\index.js:44:21)
    at Object.classControllerMiddleware (C:\Users\ifgame\Desktop\umi-gm\node_modules\egg-core\lib\loader\mixin\controller.js:87:20)
    at Object.callFn (C:\Users\ifgame\Desktop\umi-gm\node_modules\@eggjs\router\lib\utils.js:12:21)
    at wrappedController (C:\Users\ifgame\Desktop\umi-gm\node_modules\@eggjs\router\lib\egg_router.js:322:18)
    at dispatch (C:\Users\ifgame\Desktop\umi-gm\node_modules\koa-compose\index.js:44:32)
    at next (C:\Users\ifgame\Desktop\umi-gm\node_modules\koa-compose\index.js:45:18)
    at C:\Users\ifgame\Desktop\umi-gm\node_modules\@eggjs\router\lib\router.js:190:18
    at dispatch (C:\Users\ifgame\Desktop\umi-gm\node_modules\koa-compose\index.js:44:32)

pid: 15208
hostname: DESKTOP-NCOD5CJ

2019-04-10 17:45:46,114 ERROR 15208 nodejs.TypeError: Cannot read property 'query' of undefined
    at UserService.findByUsername (C:\Users\ifgame\Desktop\umi-gm\app\service\user.js:7:36)
    at LoginController.login (C:\Users\ifgame\Desktop\umi-gm\app\controller\login.js:13:35)
    at Object.callFn (C:\Users\ifgame\Desktop\umi-gm\node_modules\egg-core\lib\utils\index.js:44:21)
    at Object.classControllerMiddleware (C:\Users\ifgame\Desktop\umi-gm\node_modules\egg-core\lib\loader\mixin\controller.js:87:20)
    at Object.callFn (C:\Users\ifgame\Desktop\umi-gm\node_modules\@eggjs\router\lib\utils.js:12:21)
    at wrappedController (C:\Users\ifgame\Desktop\umi-gm\node_modules\@eggjs\router\lib\egg_router.js:322:18)
    at dispatch (C:\Users\ifgame\Desktop\umi-gm\node_modules\koa-compose\index.js:44:32)
    at next (C:\Users\ifgame\Desktop\umi-gm\node_modules\koa-compose\index.js:45:18)
    at C:\Users\ifgame\Desktop\umi-gm\node_modules\@eggjs\router\lib\router.js:190:18
    at dispatch (C:\Users\ifgame\Desktop\umi-gm\node_modules\koa-compose\index.js:44:32)

pid: 15208
hostname: DESKTOP-NCOD5CJ

2019-04-10 17:47:20,913 ERROR 12100 [-/::1/-/10ms POST /api/login] nodejs.Error: data and hash arguments required
    at Object.compareSync (C:\Users\ifgame\Desktop\umi-gm\node_modules\bcrypt\bcrypt.js:167:15)
    at LoginController.login (C:\Users\ifgame\Desktop\umi-gm\app\controller\login.js:14:16)
    at Object.callFn (C:\Users\ifgame\Desktop\umi-gm\node_modules\egg-core\lib\utils\index.js:44:21)
    at Object.classControllerMiddleware (C:\Users\ifgame\Desktop\umi-gm\node_modules\egg-core\lib\loader\mixin\controller.js:87:20)
    at Object.callFn (C:\Users\ifgame\Desktop\umi-gm\node_modules\@eggjs\router\lib\utils.js:12:21)
    at wrappedController (C:\Users\ifgame\Desktop\umi-gm\node_modules\@eggjs\router\lib\egg_router.js:322:18)
    at dispatch (C:\Users\ifgame\Desktop\umi-gm\node_modules\koa-compose\index.js:44:32)
    at next (C:\Users\ifgame\Desktop\umi-gm\node_modules\koa-compose\index.js:45:18)
    at C:\Users\ifgame\Desktop\umi-gm\node_modules\@eggjs\router\lib\router.js:190:18
    at dispatch (C:\Users\ifgame\Desktop\umi-gm\node_modules\koa-compose\index.js:44:32)

pid: 12100
hostname: DESKTOP-NCOD5CJ

2019-04-10 17:47:20,949 ERROR 12100 nodejs.TypeError: Cannot read property 'query' of undefined
    at UserService.findByUsername (C:\Users\ifgame\Desktop\umi-gm\app\service\user.js:7:36)
    at LoginController.login (C:\Users\ifgame\Desktop\umi-gm\app\controller\login.js:13:35)
    at Object.callFn (C:\Users\ifgame\Desktop\umi-gm\node_modules\egg-core\lib\utils\index.js:44:21)
    at Object.classControllerMiddleware (C:\Users\ifgame\Desktop\umi-gm\node_modules\egg-core\lib\loader\mixin\controller.js:87:20)
    at Object.callFn (C:\Users\ifgame\Desktop\umi-gm\node_modules\@eggjs\router\lib\utils.js:12:21)
    at wrappedController (C:\Users\ifgame\Desktop\umi-gm\node_modules\@eggjs\router\lib\egg_router.js:322:18)
    at dispatch (C:\Users\ifgame\Desktop\umi-gm\node_modules\koa-compose\index.js:44:32)
    at next (C:\Users\ifgame\Desktop\umi-gm\node_modules\koa-compose\index.js:45:18)
    at C:\Users\ifgame\Desktop\umi-gm\node_modules\@eggjs\router\lib\router.js:190:18
    at dispatch (C:\Users\ifgame\Desktop\umi-gm\node_modules\koa-compose\index.js:44:32)

pid: 12100
hostname: DESKTOP-NCOD5CJ

2019-04-10 18:11:00,531 ERROR 15436 [egg-view-assets] port 8000 has been used
2019-04-10 18:11:13,193 ERROR 11344 [-/::1/-/4ms POST /api/login] nodejs.Error: data and hash arguments required
    at Object.compareSync (C:\Users\ifgame\Desktop\umi-gm\node_modules\bcrypt\bcrypt.js:167:15)
    at LoginController.login (C:\Users\ifgame\Desktop\umi-gm\app\controller\login.js:15:16)
    at Object.callFn (C:\Users\ifgame\Desktop\umi-gm\node_modules\egg-core\lib\utils\index.js:44:21)
    at Object.classControllerMiddleware (C:\Users\ifgame\Desktop\umi-gm\node_modules\egg-core\lib\loader\mixin\controller.js:87:20)
    at Object.callFn (C:\Users\ifgame\Desktop\umi-gm\node_modules\@eggjs\router\lib\utils.js:12:21)
    at wrappedController (C:\Users\ifgame\Desktop\umi-gm\node_modules\@eggjs\router\lib\egg_router.js:322:18)
    at dispatch (C:\Users\ifgame\Desktop\umi-gm\node_modules\koa-compose\index.js:44:32)
    at next (C:\Users\ifgame\Desktop\umi-gm\node_modules\koa-compose\index.js:45:18)
    at C:\Users\ifgame\Desktop\umi-gm\node_modules\@eggjs\router\lib\router.js:190:18
    at dispatch (C:\Users\ifgame\Desktop\umi-gm\node_modules\koa-compose\index.js:44:32)

pid: 11344
hostname: DESKTOP-NCOD5CJ

2019-04-10 18:18:54,714 ERROR 8756 nodejs.unhandledRejectionError: data and salt arguments required
    at Object.hashSync (C:\Users\ifgame\Desktop\umi-gm\node_modules\bcrypt\bcrypt.js:92:15)
    at UserService.create (C:\Users\ifgame\Desktop\umi-gm\app\service\user.js:13:32)
    at UserController.create (C:\Users\ifgame\Desktop\umi-gm\app\controller\user.js:10:33)
    at Object.callFn (C:\Users\ifgame\Desktop\umi-gm\node_modules\egg-core\lib\utils\index.js:44:21)
    at Object.classControllerMiddleware (C:\Users\ifgame\Desktop\umi-gm\node_modules\egg-core\lib\loader\mixin\controller.js:87:20)
    at Object.callFn (C:\Users\ifgame\Desktop\umi-gm\node_modules\@eggjs\router\lib\utils.js:12:21)
    at wrappedController (C:\Users\ifgame\Desktop\umi-gm\node_modules\@eggjs\router\lib\egg_router.js:322:18)
    at dispatch (C:\Users\ifgame\Desktop\umi-gm\node_modules\koa-compose\index.js:44:32)
    at next (C:\Users\ifgame\Desktop\umi-gm\node_modules\koa-compose\index.js:45:18)
    at C:\Users\ifgame\Desktop\umi-gm\node_modules\@eggjs\router\lib\router.js:190:18
name: "unhandledRejectionError"
pid: 8756
hostname: DESKTOP-NCOD5CJ

2019-04-10 18:45:04,560 ERROR 15328 nodejs.unhandledRejectionError: data and salt arguments required
    at Object.hashSync (C:\Users\ifgame\Desktop\umi-gm\node_modules\bcrypt\bcrypt.js:92:15)
    at UserService.create (C:\Users\ifgame\Desktop\umi-gm\app\service\user.js:13:32)
    at UserController.create (C:\Users\ifgame\Desktop\umi-gm\app\controller\user.js:10:33)
    at Object.callFn (C:\Users\ifgame\Desktop\umi-gm\node_modules\egg-core\lib\utils\index.js:44:21)
    at Object.classControllerMiddleware (C:\Users\ifgame\Desktop\umi-gm\node_modules\egg-core\lib\loader\mixin\controller.js:87:20)
    at Object.callFn (C:\Users\ifgame\Desktop\umi-gm\node_modules\@eggjs\router\lib\utils.js:12:21)
    at wrappedController (C:\Users\ifgame\Desktop\umi-gm\node_modules\@eggjs\router\lib\egg_router.js:322:18)
    at dispatch (C:\Users\ifgame\Desktop\umi-gm\node_modules\koa-compose\index.js:44:32)
    at next (C:\Users\ifgame\Desktop\umi-gm\node_modules\koa-compose\index.js:45:18)
    at C:\Users\ifgame\Desktop\umi-gm\node_modules\@eggjs\router\lib\router.js:190:18
name: "unhandledRejectionError"
pid: 15328
hostname: DESKTOP-NCOD5CJ

2019-04-10 18:46:39,741 ERROR 16764 nodejs.unhandledRejectionError: data and salt arguments required
    at Object.hashSync (C:\Users\ifgame\Desktop\umi-gm\node_modules\bcrypt\bcrypt.js:92:15)
    at UserService.create (C:\Users\ifgame\Desktop\umi-gm\app\service\user.js:13:32)
    at UserController.create (C:\Users\ifgame\Desktop\umi-gm\app\controller\user.js:10:33)
    at Object.callFn (C:\Users\ifgame\Desktop\umi-gm\node_modules\egg-core\lib\utils\index.js:44:21)
    at Object.classControllerMiddleware (C:\Users\ifgame\Desktop\umi-gm\node_modules\egg-core\lib\loader\mixin\controller.js:87:20)
    at Object.callFn (C:\Users\ifgame\Desktop\umi-gm\node_modules\@eggjs\router\lib\utils.js:12:21)
    at wrappedController (C:\Users\ifgame\Desktop\umi-gm\node_modules\@eggjs\router\lib\egg_router.js:322:18)
    at dispatch (C:\Users\ifgame\Desktop\umi-gm\node_modules\koa-compose\index.js:44:32)
    at next (C:\Users\ifgame\Desktop\umi-gm\node_modules\koa-compose\index.js:45:18)
    at C:\Users\ifgame\Desktop\umi-gm\node_modules\@eggjs\router\lib\router.js:190:18
name: "unhandledRejectionError"
pid: 16764
hostname: DESKTOP-NCOD5CJ

2019-04-10 18:48:06,307 ERROR 17140 nodejs.unhandledRejectionError: data and salt arguments required
    at Object.hashSync (C:\Users\ifgame\Desktop\umi-gm\node_modules\bcrypt\bcrypt.js:92:15)
    at UserService.create (C:\Users\ifgame\Desktop\umi-gm\app\service\user.js:15:32)
    at UserController.create (C:\Users\ifgame\Desktop\umi-gm\app\controller\user.js:10:33)
    at Object.callFn (C:\Users\ifgame\Desktop\umi-gm\node_modules\egg-core\lib\utils\index.js:44:21)
    at Object.classControllerMiddleware (C:\Users\ifgame\Desktop\umi-gm\node_modules\egg-core\lib\loader\mixin\controller.js:87:20)
    at Object.callFn (C:\Users\ifgame\Desktop\umi-gm\node_modules\@eggjs\router\lib\utils.js:12:21)
    at wrappedController (C:\Users\ifgame\Desktop\umi-gm\node_modules\@eggjs\router\lib\egg_router.js:322:18)
    at dispatch (C:\Users\ifgame\Desktop\umi-gm\node_modules\koa-compose\index.js:44:32)
    at next (C:\Users\ifgame\Desktop\umi-gm\node_modules\koa-compose\index.js:45:18)
    at C:\Users\ifgame\Desktop\umi-gm\node_modules\@eggjs\router\lib\router.js:190:18
name: "unhandledRejectionError"
pid: 17140
hostname: DESKTOP-NCOD5CJ

2019-04-10 18:49:13,195 ERROR 6136 nodejs.TypeError: this.app.mysql.insert is not a function
    at UserService.create (C:\Users\ifgame\Desktop\umi-gm\app\service\user.js:14:41)
    at UserController.create (C:\Users\ifgame\Desktop\umi-gm\app\controller\user.js:11:33)
    at Object.callFn (C:\Users\ifgame\Desktop\umi-gm\node_modules\egg-core\lib\utils\index.js:44:21)
    at Object.classControllerMiddleware (C:\Users\ifgame\Desktop\umi-gm\node_modules\egg-core\lib\loader\mixin\controller.js:87:20)
    at Object.callFn (C:\Users\ifgame\Desktop\umi-gm\node_modules\@eggjs\router\lib\utils.js:12:21)
    at wrappedController (C:\Users\ifgame\Desktop\umi-gm\node_modules\@eggjs\router\lib\egg_router.js:322:18)
    at dispatch (C:\Users\ifgame\Desktop\umi-gm\node_modules\koa-compose\index.js:44:32)
    at next (C:\Users\ifgame\Desktop\umi-gm\node_modules\koa-compose\index.js:45:18)
    at C:\Users\ifgame\Desktop\umi-gm\node_modules\@eggjs\router\lib\router.js:190:18
    at dispatch (C:\Users\ifgame\Desktop\umi-gm\node_modules\koa-compose\index.js:44:32)

pid: 6136
hostname: DESKTOP-NCOD5CJ

2019-04-10 18:50:14,306 ERROR 17076 nodejs.TypeError: this.app.mysql.insert is not a function
    at UserService.create (C:\Users\ifgame\Desktop\umi-gm\app\service\user.js:14:41)
    at UserController.create (C:\Users\ifgame\Desktop\umi-gm\app\controller\user.js:12:33)
    at Object.callFn (C:\Users\ifgame\Desktop\umi-gm\node_modules\egg-core\lib\utils\index.js:44:21)
    at Object.classControllerMiddleware (C:\Users\ifgame\Desktop\umi-gm\node_modules\egg-core\lib\loader\mixin\controller.js:87:20)
    at Object.callFn (C:\Users\ifgame\Desktop\umi-gm\node_modules\@eggjs\router\lib\utils.js:12:21)
    at wrappedController (C:\Users\ifgame\Desktop\umi-gm\node_modules\@eggjs\router\lib\egg_router.js:322:18)
    at dispatch (C:\Users\ifgame\Desktop\umi-gm\node_modules\koa-compose\index.js:44:32)
    at next (C:\Users\ifgame\Desktop\umi-gm\node_modules\koa-compose\index.js:45:18)
    at C:\Users\ifgame\Desktop\umi-gm\node_modules\@eggjs\router\lib\router.js:190:18
    at dispatch (C:\Users\ifgame\Desktop\umi-gm\node_modules\koa-compose\index.js:44:32)

pid: 17076
hostname: DESKTOP-NCOD5CJ

2019-04-10 18:50:49,209 ERROR 16996 nodejs.TypeError: this.app.mysql.insert is not a function
    at UserService.create (C:\Users\ifgame\Desktop\umi-gm\app\service\user.js:14:41)
    at UserController.create (C:\Users\ifgame\Desktop\umi-gm\app\controller\user.js:10:33)
    at Object.callFn (C:\Users\ifgame\Desktop\umi-gm\node_modules\egg-core\lib\utils\index.js:44:21)
    at Object.classControllerMiddleware (C:\Users\ifgame\Desktop\umi-gm\node_modules\egg-core\lib\loader\mixin\controller.js:87:20)
    at Object.callFn (C:\Users\ifgame\Desktop\umi-gm\node_modules\@eggjs\router\lib\utils.js:12:21)
    at wrappedController (C:\Users\ifgame\Desktop\umi-gm\node_modules\@eggjs\router\lib\egg_router.js:322:18)
    at dispatch (C:\Users\ifgame\Desktop\umi-gm\node_modules\koa-compose\index.js:44:32)
    at next (C:\Users\ifgame\Desktop\umi-gm\node_modules\koa-compose\index.js:45:18)
    at C:\Users\ifgame\Desktop\umi-gm\node_modules\@eggjs\router\lib\router.js:190:18
    at dispatch (C:\Users\ifgame\Desktop\umi-gm\node_modules\koa-compose\index.js:44:32)

pid: 16996
hostname: DESKTOP-NCOD5CJ

2019-04-10 18:51:58,038 ERROR 16504 [egg-view-assets] port 8000 has been used
2019-04-10 18:52:42,128 ERROR 14664 nodejs.TypeError: this.app.mysql.insert is not a function
    at UserService.create (C:\Users\ifgame\Desktop\umi-gm\app\service\user.js:14:41)
    at UserController.create (C:\Users\ifgame\Desktop\umi-gm\app\controller\user.js:10:33)
    at Object.callFn (C:\Users\ifgame\Desktop\umi-gm\node_modules\egg-core\lib\utils\index.js:44:21)
    at Object.classControllerMiddleware (C:\Users\ifgame\Desktop\umi-gm\node_modules\egg-core\lib\loader\mixin\controller.js:87:20)
    at Object.callFn (C:\Users\ifgame\Desktop\umi-gm\node_modules\@eggjs\router\lib\utils.js:12:21)
    at wrappedController (C:\Users\ifgame\Desktop\umi-gm\node_modules\@eggjs\router\lib\egg_router.js:322:18)
    at dispatch (C:\Users\ifgame\Desktop\umi-gm\node_modules\koa-compose\index.js:44:32)
    at next (C:\Users\ifgame\Desktop\umi-gm\node_modules\koa-compose\index.js:45:18)
    at C:\Users\ifgame\Desktop\umi-gm\node_modules\@eggjs\router\lib\router.js:190:18
    at dispatch (C:\Users\ifgame\Desktop\umi-gm\node_modules\koa-compose\index.js:44:32)

pid: 14664
hostname: DESKTOP-NCOD5CJ

2019-04-10 18:53:10,936 ERROR 16588 nodejs.TypeError: this.app.mysql.insert is not a function
    at UserService.create (C:\Users\ifgame\Desktop\umi-gm\app\service\user.js:15:41)
    at UserController.create (C:\Users\ifgame\Desktop\umi-gm\app\controller\user.js:10:33)
    at Object.callFn (C:\Users\ifgame\Desktop\umi-gm\node_modules\egg-core\lib\utils\index.js:44:21)
    at Object.classControllerMiddleware (C:\Users\ifgame\Desktop\umi-gm\node_modules\egg-core\lib\loader\mixin\controller.js:87:20)
    at Object.callFn (C:\Users\ifgame\Desktop\umi-gm\node_modules\@eggjs\router\lib\utils.js:12:21)
    at wrappedController (C:\Users\ifgame\Desktop\umi-gm\node_modules\@eggjs\router\lib\egg_router.js:322:18)
    at dispatch (C:\Users\ifgame\Desktop\umi-gm\node_modules\koa-compose\index.js:44:32)
    at next (C:\Users\ifgame\Desktop\umi-gm\node_modules\koa-compose\index.js:45:18)
    at C:\Users\ifgame\Desktop\umi-gm\node_modules\@eggjs\router\lib\router.js:190:18
    at dispatch (C:\Users\ifgame\Desktop\umi-gm\node_modules\koa-compose\index.js:44:32)

pid: 16588
hostname: DESKTOP-NCOD5CJ

2019-04-10 18:54:55,659 ERROR 4848 [-/::1/-/100ms POST /api/login] nodejs.Error: secretOrPrivateKey must have a value
    at Object.module.exports [as sign] (C:\Users\ifgame\Desktop\umi-gm\node_modules\jsonwebtoken\sign.js:107:20)
    at LoginController.login (C:\Users\ifgame\Desktop\umi-gm\app\controller\login.js:19:25)
    at process._tickCallback (internal/process/next_tick.js:68:7)

pid: 4848
hostname: DESKTOP-NCOD5CJ

2019-04-10 18:56:43,630 ERROR 17392 [-/::1/-/100ms POST /api/login] nodejs.Error: "exp" is not allowed in "options"
    at C:\Users\ifgame\Desktop\umi-gm\node_modules\jsonwebtoken\sign.js:47:17
    at Array.forEach (<anonymous>)
    at validate (C:\Users\ifgame\Desktop\umi-gm\node_modules\jsonwebtoken\sign.js:43:6)
    at validateOptions (C:\Users\ifgame\Desktop\umi-gm\node_modules\jsonwebtoken\sign.js:58:10)
    at Object.module.exports [as sign] (C:\Users\ifgame\Desktop\umi-gm\node_modules\jsonwebtoken\sign.js:141:5)
    at LoginController.login (C:\Users\ifgame\Desktop\umi-gm\app\controller\login.js:19:25)
    at process._tickCallback (internal/process/next_tick.js:68:7)

pid: 17392
hostname: DESKTOP-NCOD5CJ

2019-04-10 18:57:06,530 ERROR 17392 [-/::1/-/82ms POST /api/login] nodejs.Error: "exp" is not allowed in "options"
    at C:\Users\ifgame\Desktop\umi-gm\node_modules\jsonwebtoken\sign.js:47:17
    at Array.forEach (<anonymous>)
    at validate (C:\Users\ifgame\Desktop\umi-gm\node_modules\jsonwebtoken\sign.js:43:6)
    at validateOptions (C:\Users\ifgame\Desktop\umi-gm\node_modules\jsonwebtoken\sign.js:58:10)
    at Object.module.exports [as sign] (C:\Users\ifgame\Desktop\umi-gm\node_modules\jsonwebtoken\sign.js:141:5)
    at LoginController.login (C:\Users\ifgame\Desktop\umi-gm\app\controller\login.js:19:25)
    at process._tickCallback (internal/process/next_tick.js:68:7)

pid: 17392
hostname: DESKTOP-NCOD5CJ

2019-04-10 19:40:13,322 ERROR 3872 nodejs.unhandledRejectionError: ER_DUP_ENTRY: Duplicate entry 'jiang' for key 'username'
    at Query.Sequence._packetToError (C:\Users\ifgame\Desktop\umi-gm\node_modules\mysql\lib\protocol\sequences\Sequence.js:47:14)
    at Query.ErrorPacket (C:\Users\ifgame\Desktop\umi-gm\node_modules\mysql\lib\protocol\sequences\Query.js:77:18)
    at Protocol._parsePacket (C:\Users\ifgame\Desktop\umi-gm\node_modules\mysql\lib\protocol\Protocol.js:278:23)
    at Parser.write (C:\Users\ifgame\Desktop\umi-gm\node_modules\mysql\lib\protocol\Parser.js:76:12)
    at Protocol.write (C:\Users\ifgame\Desktop\umi-gm\node_modules\mysql\lib\protocol\Protocol.js:38:16)
    at Socket.<anonymous> (C:\Users\ifgame\Desktop\umi-gm\node_modules\mysql\lib\Connection.js:91:28)
    at Socket.<anonymous> (C:\Users\ifgame\Desktop\umi-gm\node_modules\mysql\lib\Connection.js:502:10)
    at Socket.emit (events.js:189:13)
    at addChunk (_stream_readable.js:284:12)
    at readableAddChunk (_stream_readable.js:265:11)
    --------------------
    at Pool.query (C:\Users\ifgame\Desktop\umi-gm\node_modules\mysql\lib\Pool.js:199:23)
    at C:\Users\ifgame\Desktop\umi-gm\node_modules\ali-rds\node_modules\pify\index.js:29:7
    at new Promise (<anonymous>)
    at Pool.<anonymous> (C:\Users\ifgame\Desktop\umi-gm\node_modules\ali-rds\node_modules\pify\index.js:12:10)
    at Pool.ret [as query] (C:\Users\ifgame\Desktop\umi-gm\node_modules\ali-rds\node_modules\pify\index.js:56:34)
    at RDSClient.proto._query (C:\Users\ifgame\Desktop\umi-gm\node_modules\ali-rds\lib\client.js:34:20)
    at RDSClient.proto.query (C:\Users\ifgame\Desktop\umi-gm\node_modules\ali-rds\lib\operator.js:54:29)
    at proto.query.next (<anonymous>)
    at onFulfilled (C:\Users\ifgame\Desktop\umi-gm\node_modules\co\index.js:65:19)
    at C:\Users\ifgame\Desktop\umi-gm\node_modules\co\index.js:54:5
    sql: INSERT INTO `user`(`username`, `password`) VALUES('jiang', '$2b$10$Ohp1d0JI5MI..P8PxjVsfuFtsW3I0DbimVXd3dYOi0NrrcUEN2usa')
code: "ER_DUP_ENTRY"
errno: 1062
sqlMessage: "Duplicate entry 'jiang' for key 'username'"
sqlState: "23000"
index: 0
sql: "INSERT INTO `user`(`username`, `password`) VALUES('jiang', '$2b$10$Ohp1d0JI5MI..P8PxjVsfuFtsW3I0DbimVXd3dYOi0NrrcUEN2usa')"
name: "unhandledRejectionError"
pid: 3872
hostname: DESKTOP-NCOD5CJ

2019-04-10 19:46:04,579 ERROR 7916 nodejs.unhandledRejectionError: ER_DUP_ENTRY: Duplicate entry 'jiang' for key 'username'
    at Query.Sequence._packetToError (C:\Users\ifgame\Desktop\umi-gm\node_modules\mysql\lib\protocol\sequences\Sequence.js:47:14)
    at Query.ErrorPacket (C:\Users\ifgame\Desktop\umi-gm\node_modules\mysql\lib\protocol\sequences\Query.js:77:18)
    at Protocol._parsePacket (C:\Users\ifgame\Desktop\umi-gm\node_modules\mysql\lib\protocol\Protocol.js:278:23)
    at Parser.write (C:\Users\ifgame\Desktop\umi-gm\node_modules\mysql\lib\protocol\Parser.js:76:12)
    at Protocol.write (C:\Users\ifgame\Desktop\umi-gm\node_modules\mysql\lib\protocol\Protocol.js:38:16)
    at Socket.<anonymous> (C:\Users\ifgame\Desktop\umi-gm\node_modules\mysql\lib\Connection.js:91:28)
    at Socket.<anonymous> (C:\Users\ifgame\Desktop\umi-gm\node_modules\mysql\lib\Connection.js:502:10)
    at Socket.emit (events.js:189:13)
    at addChunk (_stream_readable.js:284:12)
    at readableAddChunk (_stream_readable.js:265:11)
    --------------------
    at Pool.query (C:\Users\ifgame\Desktop\umi-gm\node_modules\mysql\lib\Pool.js:199:23)
    at C:\Users\ifgame\Desktop\umi-gm\node_modules\ali-rds\node_modules\pify\index.js:29:7
    at new Promise (<anonymous>)
    at Pool.<anonymous> (C:\Users\ifgame\Desktop\umi-gm\node_modules\ali-rds\node_modules\pify\index.js:12:10)
    at Pool.ret [as query] (C:\Users\ifgame\Desktop\umi-gm\node_modules\ali-rds\node_modules\pify\index.js:56:34)
    at RDSClient.proto._query (C:\Users\ifgame\Desktop\umi-gm\node_modules\ali-rds\lib\client.js:34:20)
    at RDSClient.proto.query (C:\Users\ifgame\Desktop\umi-gm\node_modules\ali-rds\lib\operator.js:54:29)
    at proto.query.next (<anonymous>)
    at onFulfilled (C:\Users\ifgame\Desktop\umi-gm\node_modules\co\index.js:65:19)
    at C:\Users\ifgame\Desktop\umi-gm\node_modules\co\index.js:54:5
    sql: INSERT INTO `user`(`username`, `password`) VALUES('jiang', '$2b$10$.OUBR0BOTD7S1Bm3kwt6LuWKw3NtGviWPqd.KxbefA7hCDL2/IMJq')
code: "ER_DUP_ENTRY"
errno: 1062
sqlMessage: "Duplicate entry 'jiang' for key 'username'"
sqlState: "23000"
index: 0
sql: "INSERT INTO `user`(`username`, `password`) VALUES('jiang', '$2b$10$.OUBR0BOTD7S1Bm3kwt6LuWKw3NtGviWPqd.KxbefA7hCDL2/IMJq')"
name: "unhandledRejectionError"
pid: 7916
hostname: DESKTOP-NCOD5CJ

2019-04-10 19:47:13,992 ERROR 8884 nodejs.unhandledRejectionError: ER_DUP_ENTRY: Duplicate entry 'jiang' for key 'username'
    at Query.Sequence._packetToError (C:\Users\ifgame\Desktop\umi-gm\node_modules\mysql\lib\protocol\sequences\Sequence.js:47:14)
    at Query.ErrorPacket (C:\Users\ifgame\Desktop\umi-gm\node_modules\mysql\lib\protocol\sequences\Query.js:77:18)
    at Protocol._parsePacket (C:\Users\ifgame\Desktop\umi-gm\node_modules\mysql\lib\protocol\Protocol.js:278:23)
    at Parser.write (C:\Users\ifgame\Desktop\umi-gm\node_modules\mysql\lib\protocol\Parser.js:76:12)
    at Protocol.write (C:\Users\ifgame\Desktop\umi-gm\node_modules\mysql\lib\protocol\Protocol.js:38:16)
    at Socket.<anonymous> (C:\Users\ifgame\Desktop\umi-gm\node_modules\mysql\lib\Connection.js:91:28)
    at Socket.<anonymous> (C:\Users\ifgame\Desktop\umi-gm\node_modules\mysql\lib\Connection.js:502:10)
    at Socket.emit (events.js:189:13)
    at addChunk (_stream_readable.js:284:12)
    at readableAddChunk (_stream_readable.js:265:11)
    --------------------
    at Pool.query (C:\Users\ifgame\Desktop\umi-gm\node_modules\mysql\lib\Pool.js:199:23)
    at C:\Users\ifgame\Desktop\umi-gm\node_modules\ali-rds\node_modules\pify\index.js:29:7
    at new Promise (<anonymous>)
    at Pool.<anonymous> (C:\Users\ifgame\Desktop\umi-gm\node_modules\ali-rds\node_modules\pify\index.js:12:10)
    at Pool.ret [as query] (C:\Users\ifgame\Desktop\umi-gm\node_modules\ali-rds\node_modules\pify\index.js:56:34)
    at RDSClient.proto._query (C:\Users\ifgame\Desktop\umi-gm\node_modules\ali-rds\lib\client.js:34:20)
    at RDSClient.proto.query (C:\Users\ifgame\Desktop\umi-gm\node_modules\ali-rds\lib\operator.js:54:29)
    at proto.query.next (<anonymous>)
    at onFulfilled (C:\Users\ifgame\Desktop\umi-gm\node_modules\co\index.js:65:19)
    at C:\Users\ifgame\Desktop\umi-gm\node_modules\co\index.js:54:5
    sql: INSERT INTO `user`(`username`, `password`) VALUES('jiang', '$2b$10$YZjnrHTLgHaC37yfajgtuOHp9VwA9j9UZGu0NPaBv65XXT.EhNdya')
code: "ER_DUP_ENTRY"
errno: 1062
sqlMessage: "Duplicate entry 'jiang' for key 'username'"
sqlState: "23000"
index: 0
sql: "INSERT INTO `user`(`username`, `password`) VALUES('jiang', '$2b$10$YZjnrHTLgHaC37yfajgtuOHp9VwA9j9UZGu0NPaBv65XXT.EhNdya')"
name: "unhandledRejectionError"
pid: 8884
hostname: DESKTOP-NCOD5CJ

2019-04-10 19:47:50,288 ERROR 8884 nodejs.unhandledRejectionError: ER_DUP_ENTRY: Duplicate entry 'jiang' for key 'username'
    at Query.Sequence._packetToError (C:\Users\ifgame\Desktop\umi-gm\node_modules\mysql\lib\protocol\sequences\Sequence.js:47:14)
    at Query.ErrorPacket (C:\Users\ifgame\Desktop\umi-gm\node_modules\mysql\lib\protocol\sequences\Query.js:77:18)
    at Protocol._parsePacket (C:\Users\ifgame\Desktop\umi-gm\node_modules\mysql\lib\protocol\Protocol.js:278:23)
    at Parser.write (C:\Users\ifgame\Desktop\umi-gm\node_modules\mysql\lib\protocol\Parser.js:76:12)
    at Protocol.write (C:\Users\ifgame\Desktop\umi-gm\node_modules\mysql\lib\protocol\Protocol.js:38:16)
    at Socket.<anonymous> (C:\Users\ifgame\Desktop\umi-gm\node_modules\mysql\lib\Connection.js:91:28)
    at Socket.<anonymous> (C:\Users\ifgame\Desktop\umi-gm\node_modules\mysql\lib\Connection.js:502:10)
    at Socket.emit (events.js:189:13)
    at addChunk (_stream_readable.js:284:12)
    at readableAddChunk (_stream_readable.js:265:11)
    --------------------
    at Pool.query (C:\Users\ifgame\Desktop\umi-gm\node_modules\mysql\lib\Pool.js:199:23)
    at C:\Users\ifgame\Desktop\umi-gm\node_modules\ali-rds\node_modules\pify\index.js:29:7
    at new Promise (<anonymous>)
    at Pool.<anonymous> (C:\Users\ifgame\Desktop\umi-gm\node_modules\ali-rds\node_modules\pify\index.js:12:10)
    at Pool.ret [as query] (C:\Users\ifgame\Desktop\umi-gm\node_modules\ali-rds\node_modules\pify\index.js:56:34)
    at RDSClient.proto._query (C:\Users\ifgame\Desktop\umi-gm\node_modules\ali-rds\lib\client.js:34:20)
    at RDSClient.proto.query (C:\Users\ifgame\Desktop\umi-gm\node_modules\ali-rds\lib\operator.js:54:29)
    at proto.query.next (<anonymous>)
    at onFulfilled (C:\Users\ifgame\Desktop\umi-gm\node_modules\co\index.js:65:19)
    at C:\Users\ifgame\Desktop\umi-gm\node_modules\co\index.js:54:5
    sql: INSERT INTO `user`(`username`, `password`) VALUES('jiang', '$2b$10$ZhJEiuftxo/vl0Yqfnu5buXy0XwiX2LQjew5kPaRUdpfZn2/Zs0yG')
code: "ER_DUP_ENTRY"
errno: 1062
sqlMessage: "Duplicate entry 'jiang' for key 'username'"
sqlState: "23000"
index: 0
sql: "INSERT INTO `user`(`username`, `password`) VALUES('jiang', '$2b$10$ZhJEiuftxo/vl0Yqfnu5buXy0XwiX2LQjew5kPaRUdpfZn2/Zs0yG')"
name: "unhandledRejectionError"
pid: 8884
hostname: DESKTOP-NCOD5CJ

2019-04-10 19:48:09,145 ERROR 5916 nodejs.unhandledRejectionError: ER_DUP_ENTRY: Duplicate entry 'jiang' for key 'username'
    at Query.Sequence._packetToError (C:\Users\ifgame\Desktop\umi-gm\node_modules\mysql\lib\protocol\sequences\Sequence.js:47:14)
    at Query.ErrorPacket (C:\Users\ifgame\Desktop\umi-gm\node_modules\mysql\lib\protocol\sequences\Query.js:77:18)
    at Protocol._parsePacket (C:\Users\ifgame\Desktop\umi-gm\node_modules\mysql\lib\protocol\Protocol.js:278:23)
    at Parser.write (C:\Users\ifgame\Desktop\umi-gm\node_modules\mysql\lib\protocol\Parser.js:76:12)
    at Protocol.write (C:\Users\ifgame\Desktop\umi-gm\node_modules\mysql\lib\protocol\Protocol.js:38:16)
    at Socket.<anonymous> (C:\Users\ifgame\Desktop\umi-gm\node_modules\mysql\lib\Connection.js:91:28)
    at Socket.<anonymous> (C:\Users\ifgame\Desktop\umi-gm\node_modules\mysql\lib\Connection.js:502:10)
    at Socket.emit (events.js:189:13)
    at addChunk (_stream_readable.js:284:12)
    at readableAddChunk (_stream_readable.js:265:11)
    --------------------
    at Pool.query (C:\Users\ifgame\Desktop\umi-gm\node_modules\mysql\lib\Pool.js:199:23)
    at C:\Users\ifgame\Desktop\umi-gm\node_modules\ali-rds\node_modules\pify\index.js:29:7
    at new Promise (<anonymous>)
    at Pool.<anonymous> (C:\Users\ifgame\Desktop\umi-gm\node_modules\ali-rds\node_modules\pify\index.js:12:10)
    at Pool.ret [as query] (C:\Users\ifgame\Desktop\umi-gm\node_modules\ali-rds\node_modules\pify\index.js:56:34)
    at RDSClient.proto._query (C:\Users\ifgame\Desktop\umi-gm\node_modules\ali-rds\lib\client.js:34:20)
    at RDSClient.proto.query (C:\Users\ifgame\Desktop\umi-gm\node_modules\ali-rds\lib\operator.js:54:29)
    at proto.query.next (<anonymous>)
    at onFulfilled (C:\Users\ifgame\Desktop\umi-gm\node_modules\co\index.js:65:19)
    at C:\Users\ifgame\Desktop\umi-gm\node_modules\co\index.js:54:5
    sql: INSERT INTO `user`(`username`, `password`) VALUES('jiang', '$2b$10$Ly3hEYd7/2r5eDWg0w9H.e11cjnTH63dOX1qVnkyhc/yKh.j.QclO')
code: "ER_DUP_ENTRY"
errno: 1062
sqlMessage: "Duplicate entry 'jiang' for key 'username'"
sqlState: "23000"
index: 0
sql: "INSERT INTO `user`(`username`, `password`) VALUES('jiang', '$2b$10$Ly3hEYd7/2r5eDWg0w9H.e11cjnTH63dOX1qVnkyhc/yKh.j.QclO')"
name: "unhandledRejectionError"
pid: 5916
hostname: DESKTOP-NCOD5CJ

2019-04-10 19:50:16,080 ERROR 16852 nodejs.unhandledRejectionError: ER_DUP_ENTRY: Duplicate entry 'jiang' for key 'username'
    at Query.Sequence._packetToError (C:\Users\ifgame\Desktop\umi-gm\node_modules\mysql\lib\protocol\sequences\Sequence.js:47:14)
    at Query.ErrorPacket (C:\Users\ifgame\Desktop\umi-gm\node_modules\mysql\lib\protocol\sequences\Query.js:77:18)
    at Protocol._parsePacket (C:\Users\ifgame\Desktop\umi-gm\node_modules\mysql\lib\protocol\Protocol.js:278:23)
    at Parser.write (C:\Users\ifgame\Desktop\umi-gm\node_modules\mysql\lib\protocol\Parser.js:76:12)
    at Protocol.write (C:\Users\ifgame\Desktop\umi-gm\node_modules\mysql\lib\protocol\Protocol.js:38:16)
    at Socket.<anonymous> (C:\Users\ifgame\Desktop\umi-gm\node_modules\mysql\lib\Connection.js:91:28)
    at Socket.<anonymous> (C:\Users\ifgame\Desktop\umi-gm\node_modules\mysql\lib\Connection.js:502:10)
    at Socket.emit (events.js:189:13)
    at addChunk (_stream_readable.js:284:12)
    at readableAddChunk (_stream_readable.js:265:11)
    --------------------
    at Pool.query (C:\Users\ifgame\Desktop\umi-gm\node_modules\mysql\lib\Pool.js:199:23)
    at C:\Users\ifgame\Desktop\umi-gm\node_modules\ali-rds\node_modules\pify\index.js:29:7
    at new Promise (<anonymous>)
    at Pool.<anonymous> (C:\Users\ifgame\Desktop\umi-gm\node_modules\ali-rds\node_modules\pify\index.js:12:10)
    at Pool.ret [as query] (C:\Users\ifgame\Desktop\umi-gm\node_modules\ali-rds\node_modules\pify\index.js:56:34)
    at RDSClient.proto._query (C:\Users\ifgame\Desktop\umi-gm\node_modules\ali-rds\lib\client.js:34:20)
    at RDSClient.proto.query (C:\Users\ifgame\Desktop\umi-gm\node_modules\ali-rds\lib\operator.js:54:29)
    at proto.query.next (<anonymous>)
    at onFulfilled (C:\Users\ifgame\Desktop\umi-gm\node_modules\co\index.js:65:19)
    at C:\Users\ifgame\Desktop\umi-gm\node_modules\co\index.js:54:5
    sql: INSERT INTO `user`(`username`, `password`) VALUES('jiang', '$2b$10$v1svjSjywkzkwsRGywLNLuyIkrrh.DeB4xJbxSDArSeFc.G/pv3X.')
code: "ER_DUP_ENTRY"
errno: 1062
sqlMessage: "Duplicate entry 'jiang' for key 'username'"
sqlState: "23000"
index: 0
sql: "INSERT INTO `user`(`username`, `password`) VALUES('jiang', '$2b$10$v1svjSjywkzkwsRGywLNLuyIkrrh.DeB4xJbxSDArSeFc.G/pv3X.')"
name: "unhandledRejectionError"
pid: 16852
hostname: DESKTOP-NCOD5CJ

2019-04-10 19:52:17,782 ERROR 16852 nodejs.unhandledRejectionError: ER_DUP_ENTRY: Duplicate entry 'jiang1' for key 'username'
    at Query.Sequence._packetToError (C:\Users\ifgame\Desktop\umi-gm\node_modules\mysql\lib\protocol\sequences\Sequence.js:47:14)
    at Query.ErrorPacket (C:\Users\ifgame\Desktop\umi-gm\node_modules\mysql\lib\protocol\sequences\Query.js:77:18)
    at Protocol._parsePacket (C:\Users\ifgame\Desktop\umi-gm\node_modules\mysql\lib\protocol\Protocol.js:278:23)
    at Parser.write (C:\Users\ifgame\Desktop\umi-gm\node_modules\mysql\lib\protocol\Parser.js:76:12)
    at Protocol.write (C:\Users\ifgame\Desktop\umi-gm\node_modules\mysql\lib\protocol\Protocol.js:38:16)
    at Socket.<anonymous> (C:\Users\ifgame\Desktop\umi-gm\node_modules\mysql\lib\Connection.js:91:28)
    at Socket.<anonymous> (C:\Users\ifgame\Desktop\umi-gm\node_modules\mysql\lib\Connection.js:502:10)
    at Socket.emit (events.js:189:13)
    at addChunk (_stream_readable.js:284:12)
    at readableAddChunk (_stream_readable.js:265:11)
    --------------------
    at Pool.query (C:\Users\ifgame\Desktop\umi-gm\node_modules\mysql\lib\Pool.js:199:23)
    at C:\Users\ifgame\Desktop\umi-gm\node_modules\ali-rds\node_modules\pify\index.js:29:7
    at new Promise (<anonymous>)
    at Pool.<anonymous> (C:\Users\ifgame\Desktop\umi-gm\node_modules\ali-rds\node_modules\pify\index.js:12:10)
    at Pool.ret [as query] (C:\Users\ifgame\Desktop\umi-gm\node_modules\ali-rds\node_modules\pify\index.js:56:34)
    at RDSClient.proto._query (C:\Users\ifgame\Desktop\umi-gm\node_modules\ali-rds\lib\client.js:34:20)
    at RDSClient.proto.query (C:\Users\ifgame\Desktop\umi-gm\node_modules\ali-rds\lib\operator.js:54:29)
    at proto.query.next (<anonymous>)
    at onFulfilled (C:\Users\ifgame\Desktop\umi-gm\node_modules\co\index.js:65:19)
    at C:\Users\ifgame\Desktop\umi-gm\node_modules\co\index.js:54:5
    sql: INSERT INTO `user`(`username`, `password`) VALUES('jiang1', '$2b$10$o8VwvoP2PHGv7fcZR5uMHOeDvnBM/FdlU.vS9ERzVbuU7OpgQQhPC')
code: "ER_DUP_ENTRY"
errno: 1062
sqlMessage: "Duplicate entry 'jiang1' for key 'username'"
sqlState: "23000"
index: 0
sql: "INSERT INTO `user`(`username`, `password`) VALUES('jiang1', '$2b$10$o8VwvoP2PHGv7fcZR5uMHOeDvnBM/FdlU.vS9ERzVbuU7OpgQQhPC')"
name: "unhandledRejectionError"
pid: 16852
hostname: DESKTOP-NCOD5CJ

2019-04-10 19:53:03,694 ERROR 11992 nodejs.unhandledRejectionError: ER_DUP_ENTRY: Duplicate entry 'jiang1' for key 'username'
    at Query.Sequence._packetToError (C:\Users\ifgame\Desktop\umi-gm\node_modules\mysql\lib\protocol\sequences\Sequence.js:47:14)
    at Query.ErrorPacket (C:\Users\ifgame\Desktop\umi-gm\node_modules\mysql\lib\protocol\sequences\Query.js:77:18)
    at Protocol._parsePacket (C:\Users\ifgame\Desktop\umi-gm\node_modules\mysql\lib\protocol\Protocol.js:278:23)
    at Parser.write (C:\Users\ifgame\Desktop\umi-gm\node_modules\mysql\lib\protocol\Parser.js:76:12)
    at Protocol.write (C:\Users\ifgame\Desktop\umi-gm\node_modules\mysql\lib\protocol\Protocol.js:38:16)
    at Socket.<anonymous> (C:\Users\ifgame\Desktop\umi-gm\node_modules\mysql\lib\Connection.js:91:28)
    at Socket.<anonymous> (C:\Users\ifgame\Desktop\umi-gm\node_modules\mysql\lib\Connection.js:502:10)
    at Socket.emit (events.js:189:13)
    at addChunk (_stream_readable.js:284:12)
    at readableAddChunk (_stream_readable.js:265:11)
    --------------------
    at Pool.query (C:\Users\ifgame\Desktop\umi-gm\node_modules\mysql\lib\Pool.js:199:23)
    at C:\Users\ifgame\Desktop\umi-gm\node_modules\ali-rds\node_modules\pify\index.js:29:7
    at new Promise (<anonymous>)
    at Pool.<anonymous> (C:\Users\ifgame\Desktop\umi-gm\node_modules\ali-rds\node_modules\pify\index.js:12:10)
    at Pool.ret [as query] (C:\Users\ifgame\Desktop\umi-gm\node_modules\ali-rds\node_modules\pify\index.js:56:34)
    at RDSClient.proto._query (C:\Users\ifgame\Desktop\umi-gm\node_modules\ali-rds\lib\client.js:34:20)
    at RDSClient.proto.query (C:\Users\ifgame\Desktop\umi-gm\node_modules\ali-rds\lib\operator.js:54:29)
    at proto.query.next (<anonymous>)
    at onFulfilled (C:\Users\ifgame\Desktop\umi-gm\node_modules\co\index.js:65:19)
    at C:\Users\ifgame\Desktop\umi-gm\node_modules\co\index.js:54:5
    sql: INSERT INTO `user`(`username`, `password`) VALUES('jiang1', '$2b$10$/uN4ofPMxpQavnN6YqM/6Oy3VVx9Y.uiZ9JBszyA6LtoIbAxlUfWS')
code: "ER_DUP_ENTRY"
errno: 1062
sqlMessage: "Duplicate entry 'jiang1' for key 'username'"
sqlState: "23000"
index: 0
sql: "INSERT INTO `user`(`username`, `password`) VALUES('jiang1', '$2b$10$/uN4ofPMxpQavnN6YqM/6Oy3VVx9Y.uiZ9JBszyA6LtoIbAxlUfWS')"
name: "unhandledRejectionError"
pid: 11992
hostname: DESKTOP-NCOD5CJ

2019-04-10 19:56:19,754 ERROR 17020 [egg-view-assets] port 8000 has been used
2019-04-10 20:18:10,908 ERROR 9256 [egg-view-assets] port 8000 has been used
2019-04-10 20:20:10,008 ERROR 14188 [-/::1/-/4ms POST /api/user] nodejs.JsonWebTokenError: invalid token
    at Object.module.exports [as verify] (C:\Users\ifgame\Desktop\umi-gm\node_modules\jsonwebtoken\verify.js:75:17)
    at auth (C:\Users\ifgame\Desktop\umi-gm\app\middleware\auth.js:17:33)
    at dispatch (C:\Users\ifgame\Desktop\umi-gm\node_modules\koa\node_modules\koa-compose\index.js:42:32)
    at C:\Users\ifgame\Desktop\umi-gm\node_modules\egg-development\app\middleware\egg_loader_trace.js:9:56
    at dispatch (C:\Users\ifgame\Desktop\umi-gm\node_modules\koa\node_modules\koa-compose\index.js:42:32)
    at i18n (C:\Users\ifgame\Desktop\umi-gm\node_modules\egg-i18n\app\middleware\i18n.js:13:12)
    at dispatch (C:\Users\ifgame\Desktop\umi-gm\node_modules\koa\node_modules\koa-compose\index.js:42:32)
    at dispatch (C:\Users\ifgame\Desktop\umi-gm\node_modules\egg-security\node_modules\koa-compose\index.js:42:32)
    at dta (C:\Users\ifgame\Desktop\umi-gm\node_modules\egg-security\lib\middlewares\dta.js:12:12)
    at dispatch (C:\Users\ifgame\Desktop\umi-gm\node_modules\egg-security\node_modules\koa-compose\index.js:42:32)
name: "JsonWebTokenError"
message: "invalid token"
pid: 14188
hostname: DESKTOP-NCOD5CJ

2019-04-10 20:25:00,261 ERROR 12992 [-/::1/-/19ms POST /api/user] nodejs.TypeError: this.ctx.logger is not a function
    at UserController.post (C:\Users\ifgame\Desktop\umi-gm\app\controller\user.js:10:14)
    at Object.callFn (C:\Users\ifgame\Desktop\umi-gm\node_modules\egg-core\lib\utils\index.js:44:21)
    at Object.classControllerMiddleware (C:\Users\ifgame\Desktop\umi-gm\node_modules\egg-core\lib\loader\mixin\controller.js:87:20)
    at Object.callFn (C:\Users\ifgame\Desktop\umi-gm\node_modules\@eggjs\router\lib\utils.js:12:21)
    at wrappedController (C:\Users\ifgame\Desktop\umi-gm\node_modules\@eggjs\router\lib\egg_router.js:322:18)
    at dispatch (C:\Users\ifgame\Desktop\umi-gm\node_modules\koa-compose\index.js:44:32)
    at next (C:\Users\ifgame\Desktop\umi-gm\node_modules\koa-compose\index.js:45:18)
    at auth (C:\Users\ifgame\Desktop\umi-gm\app\middleware\auth.js:20:13)
    at process._tickCallback (internal/process/next_tick.js:68:7)

pid: 12992
hostname: DESKTOP-NCOD5CJ

2019-04-10 20:25:25,131 ERROR 12992 [-/::1/-/1ms POST /api/user] nodejs.TypeError: this.ctx.logger is not a function
    at UserController.post (C:\Users\ifgame\Desktop\umi-gm\app\controller\user.js:10:14)
    at Object.callFn (C:\Users\ifgame\Desktop\umi-gm\node_modules\egg-core\lib\utils\index.js:44:21)
    at Object.classControllerMiddleware (C:\Users\ifgame\Desktop\umi-gm\node_modules\egg-core\lib\loader\mixin\controller.js:87:20)
    at Object.callFn (C:\Users\ifgame\Desktop\umi-gm\node_modules\@eggjs\router\lib\utils.js:12:21)
    at wrappedController (C:\Users\ifgame\Desktop\umi-gm\node_modules\@eggjs\router\lib\egg_router.js:322:18)
    at dispatch (C:\Users\ifgame\Desktop\umi-gm\node_modules\koa-compose\index.js:44:32)
    at next (C:\Users\ifgame\Desktop\umi-gm\node_modules\koa-compose\index.js:45:18)
    at auth (C:\Users\ifgame\Desktop\umi-gm\app\middleware\auth.js:20:13)
    at process._tickCallback (internal/process/next_tick.js:68:7)

pid: 12992
hostname: DESKTOP-NCOD5CJ

2019-04-10 20:29:19,082 ERROR 7588 [-/::1/-/81ms POST /api/login] nodejs.TypeError: Cannot read property 'key' of undefined
    at LoginController.login (C:\Users\ifgame\Desktop\umi-gm\app\controller\login.js:19:60)
    at process._tickCallback (internal/process/next_tick.js:68:7)

pid: 7588
hostname: DESKTOP-NCOD5CJ

2019-04-11 09:35:49,548 ERROR 2860 [-/::1/-/41ms POST /api/login/check] nodejs.TypeError: Cannot read property 'username' of undefined
    at LoginController.check (C:\Users\ifgame\Desktop\umi-gm\app\controller\login.js:44:31)
    at Object.callFn (C:\Users\ifgame\Desktop\umi-gm\node_modules\egg-core\lib\utils\index.js:44:21)
    at Object.classControllerMiddleware (C:\Users\ifgame\Desktop\umi-gm\node_modules\egg-core\lib\loader\mixin\controller.js:87:20)
    at Object.callFn (C:\Users\ifgame\Desktop\umi-gm\node_modules\@eggjs\router\lib\utils.js:12:21)
    at wrappedController (C:\Users\ifgame\Desktop\umi-gm\node_modules\@eggjs\router\lib\egg_router.js:322:18)
    at dispatch (C:\Users\ifgame\Desktop\umi-gm\node_modules\koa-compose\index.js:44:32)
    at next (C:\Users\ifgame\Desktop\umi-gm\node_modules\koa-compose\index.js:45:18)
    at C:\Users\ifgame\Desktop\umi-gm\node_modules\@eggjs\router\lib\router.js:190:18
    at dispatch (C:\Users\ifgame\Desktop\umi-gm\node_modules\koa-compose\index.js:44:32)
    at C:\Users\ifgame\Desktop\umi-gm\node_modules\koa-compose\index.js:36:12

pid: 2860
hostname: DESKTOP-NCOD5CJ

2019-04-11 10:15:52,592 ERROR 5432 nodejs.unhandledExceptionError: read ECONNRESET
    at TCP.onStreamRead (internal/stream_base_commons.js:111:27)
errno: "ECONNRESET"
code: "ECONNRESET"
syscall: "read"
name: "unhandledExceptionError"
pid: 5432
hostname: DESKTOP-NCOD5CJ

2019-04-11 10:57:27,837 ERROR 13164 [-/::1/-/26ms POST /api/logout] nodejs.TypeError: Cannot read property 'id' of undefined
    at LoginController.logout (C:\Users\ifgame\Desktop\umi-gm\app\controller\login.js:60:43)
    at Object.callFn (C:\Users\ifgame\Desktop\umi-gm\node_modules\egg-core\lib\utils\index.js:44:21)
    at Object.classControllerMiddleware (C:\Users\ifgame\Desktop\umi-gm\node_modules\egg-core\lib\loader\mixin\controller.js:87:20)
    at Object.callFn (C:\Users\ifgame\Desktop\umi-gm\node_modules\@eggjs\router\lib\utils.js:12:21)
    at wrappedController (C:\Users\ifgame\Desktop\umi-gm\node_modules\@eggjs\router\lib\egg_router.js:322:18)
    at dispatch (C:\Users\ifgame\Desktop\umi-gm\node_modules\koa-compose\index.js:44:32)
    at next (C:\Users\ifgame\Desktop\umi-gm\node_modules\koa-compose\index.js:45:18)
    at C:\Users\ifgame\Desktop\umi-gm\node_modules\@eggjs\router\lib\router.js:190:18
    at dispatch (C:\Users\ifgame\Desktop\umi-gm\node_modules\koa-compose\index.js:44:32)
    at C:\Users\ifgame\Desktop\umi-gm\node_modules\koa-compose\index.js:36:12

pid: 13164
hostname: DESKTOP-NCOD5CJ

2019-04-11 10:57:42,687 ERROR 13164 [-/::1/-/1ms POST /api/logout] nodejs.TypeError: Cannot read property 'id' of undefined
    at LoginController.logout (C:\Users\ifgame\Desktop\umi-gm\app\controller\login.js:60:43)
    at Object.callFn (C:\Users\ifgame\Desktop\umi-gm\node_modules\egg-core\lib\utils\index.js:44:21)
    at Object.classControllerMiddleware (C:\Users\ifgame\Desktop\umi-gm\node_modules\egg-core\lib\loader\mixin\controller.js:87:20)
    at Object.callFn (C:\Users\ifgame\Desktop\umi-gm\node_modules\@eggjs\router\lib\utils.js:12:21)
    at wrappedController (C:\Users\ifgame\Desktop\umi-gm\node_modules\@eggjs\router\lib\egg_router.js:322:18)
    at dispatch (C:\Users\ifgame\Desktop\umi-gm\node_modules\koa-compose\index.js:44:32)
    at next (C:\Users\ifgame\Desktop\umi-gm\node_modules\koa-compose\index.js:45:18)
    at C:\Users\ifgame\Desktop\umi-gm\node_modules\@eggjs\router\lib\router.js:190:18
    at dispatch (C:\Users\ifgame\Desktop\umi-gm\node_modules\koa-compose\index.js:44:32)
    at C:\Users\ifgame\Desktop\umi-gm\node_modules\koa-compose\index.js:36:12

pid: 13164
hostname: DESKTOP-NCOD5CJ

2019-04-11 11:21:16,608 ERROR 5432 nodejs.unhandledExceptionError: read ECONNRESET
    at TCP.onStreamRead (internal/stream_base_commons.js:111:27)
errno: "ECONNRESET"
code: "ECONNRESET"
syscall: "read"
name: "unhandledExceptionError"
pid: 5432
hostname: DESKTOP-NCOD5CJ

2019-04-11 12:29:43,303 ERROR 5432 nodejs.unhandledExceptionError: read ECONNRESET
    at TCP.onStreamRead (internal/stream_base_commons.js:111:27)
errno: "ECONNRESET"
code: "ECONNRESET"
syscall: "read"
name: "unhandledExceptionError"
pid: 5432
hostname: DESKTOP-NCOD5CJ

2019-04-11 14:03:19,093 ERROR 1976 nodejs.unhandledExceptionError: read ECONNRESET
    at TCP.onStreamRead (internal/stream_base_commons.js:111:27)
errno: "ECONNRESET"
code: "ECONNRESET"
syscall: "read"
name: "unhandledExceptionError"
pid: 1976
hostname: DESKTOP-NCOD5CJ

2019-04-11 14:36:27,546 ERROR 1976 nodejs.unhandledExceptionError: read ECONNRESET
    at TCP.onStreamRead (internal/stream_base_commons.js:111:27)
errno: "ECONNRESET"
code: "ECONNRESET"
syscall: "read"
name: "unhandledExceptionError"
pid: 1976
hostname: DESKTOP-NCOD5CJ

2019-04-11 14:44:46,910 ERROR 1976 nodejs.unhandledExceptionError: read ECONNRESET
    at TCP.onStreamRead (internal/stream_base_commons.js:111:27)
errno: "ECONNRESET"
code: "ECONNRESET"
syscall: "read"
name: "unhandledExceptionError"
pid: 1976
hostname: DESKTOP-NCOD5CJ

2019-04-11 15:03:44,380 ERROR 1976 nodejs.unhandledExceptionError: read ECONNRESET
    at TCP.onStreamRead (internal/stream_base_commons.js:111:27)
errno: "ECONNRESET"
code: "ECONNRESET"
syscall: "read"
name: "unhandledExceptionError"
pid: 1976
hostname: DESKTOP-NCOD5CJ

2019-04-11 16:04:01,758 ERROR 1976 nodejs.unhandledExceptionError: read ECONNRESET
    at TCP.onStreamRead (internal/stream_base_commons.js:111:27)
errno: "ECONNRESET"
code: "ECONNRESET"
syscall: "read"
name: "unhandledExceptionError"
pid: 1976
hostname: DESKTOP-NCOD5CJ

2019-04-11 17:05:46,906 ERROR 1976 nodejs.unhandledExceptionError: read ECONNRESET
    at TCP.onStreamRead (internal/stream_base_commons.js:111:27)
errno: "ECONNRESET"
code: "ECONNRESET"
syscall: "read"
name: "unhandledExceptionError"
pid: 1976
hostname: DESKTOP-NCOD5CJ

2019-04-11 17:34:35,439 ERROR 1976 nodejs.unhandledExceptionError: read ECONNRESET
    at TCP.onStreamRead (internal/stream_base_commons.js:111:27)
errno: "ECONNRESET"
code: "ECONNRESET"
syscall: "read"
name: "unhandledExceptionError"
pid: 1976
hostname: DESKTOP-NCOD5CJ

2019-04-11 18:06:16,871 ERROR 1976 nodejs.unhandledExceptionError: read ECONNRESET
    at TCP.onStreamRead (internal/stream_base_commons.js:111:27)
errno: "ECONNRESET"
code: "ECONNRESET"
syscall: "read"
name: "unhandledExceptionError"
pid: 1976
hostname: DESKTOP-NCOD5CJ

2019-04-11 18:06:51,780 ERROR 1976 nodejs.unhandledExceptionError: read ECONNRESET
    at TCP.onStreamRead (internal/stream_base_commons.js:111:27)
errno: "ECONNRESET"
code: "ECONNRESET"
syscall: "read"
name: "unhandledExceptionError"
pid: 1976
hostname: DESKTOP-NCOD5CJ

2019-04-11 19:37:46,264 ERROR 11640 [egg-view-assets] port 8000 has been used
2019-04-11 19:38:37,923 ERROR 4076 [egg-view-assets] port 8000 has been used
2019-04-11 19:39:46,442 ERROR 11296 [egg-view-assets] port 8000 has been used
2019-04-11 19:42:12,925 ERROR 4720 [egg-view-assets] port 8000 has been used
2019-04-11 19:43:20,736 ERROR 14876 [egg-view-assets] port 8000 has been used
2019-04-11 20:29:58,741 ERROR 14876 nodejs.EPERMError: EPERM: operation not permitted, watch
    at FSEvent.FSWatcher._handle.onchange (internal/fs/watchers.js:123:28)
errno: -4048
syscall: "watch"
code: "EPERM"
filename: null
dir: "C:\\Users\\ifgame\\Desktop\\umi-gm\\app\\web\\services"
name: "EPERMError"
pid: 14876
hostname: DESKTOP-NCOD5CJ

2019-04-11 20:36:21,513 ERROR 14876 nodejs.unhandledExceptionError: read ECONNRESET
    at TCP.onStreamRead (internal/stream_base_commons.js:111:27)
errno: "ECONNRESET"
code: "ECONNRESET"
syscall: "read"
name: "unhandledExceptionError"
pid: 14876
hostname: DESKTOP-NCOD5CJ

2019-04-12 09:58:59,193 ERROR 10748 nodejs.unhandledExceptionError: read ECONNRESET
    at TCP.onStreamRead (internal/stream_base_commons.js:111:27)
errno: "ECONNRESET"
code: "ECONNRESET"
syscall: "read"
name: "unhandledExceptionError"
pid: 10748
hostname: DESKTOP-NCOD5CJ

2019-04-12 11:08:24,138 ERROR 10748 nodejs.unhandledExceptionError: read ECONNRESET
    at TCP.onStreamRead (internal/stream_base_commons.js:111:27)
errno: "ECONNRESET"
code: "ECONNRESET"
syscall: "read"
name: "unhandledExceptionError"
pid: 10748
hostname: DESKTOP-NCOD5CJ

2019-04-12 12:09:02,429 ERROR 10748 nodejs.unhandledExceptionError: read ECONNRESET
    at TCP.onStreamRead (internal/stream_base_commons.js:111:27)
errno: "ECONNRESET"
code: "ECONNRESET"
syscall: "read"
name: "unhandledExceptionError"
pid: 10748
hostname: DESKTOP-NCOD5CJ

2019-04-12 14:41:41,271 ERROR 10748 nodejs.unhandledExceptionError: read ECONNRESET
    at TCP.onStreamRead (internal/stream_base_commons.js:111:27)
errno: "ECONNRESET"
code: "ECONNRESET"
syscall: "read"
name: "unhandledExceptionError"
pid: 10748
hostname: DESKTOP-NCOD5CJ

2019-04-12 15:41:56,735 ERROR 10748 nodejs.unhandledExceptionError: read ECONNRESET
    at TCP.onStreamRead (internal/stream_base_commons.js:111:27)
errno: "ECONNRESET"
code: "ECONNRESET"
syscall: "read"
name: "unhandledExceptionError"
pid: 10748
hostname: DESKTOP-NCOD5CJ

2019-04-12 16:43:03,577 ERROR 10748 nodejs.unhandledExceptionError: read ECONNRESET
    at TCP.onStreamRead (internal/stream_base_commons.js:111:27)
errno: "ECONNRESET"
code: "ECONNRESET"
syscall: "read"
name: "unhandledExceptionError"
pid: 10748
hostname: DESKTOP-NCOD5CJ

2019-04-12 18:01:43,246 ERROR 10748 nodejs.unhandledExceptionError: read ECONNRESET
    at TCP.onStreamRead (internal/stream_base_commons.js:111:27)
errno: "ECONNRESET"
code: "ECONNRESET"
syscall: "read"
name: "unhandledExceptionError"
pid: 10748
hostname: DESKTOP-NCOD5CJ

2019-04-12 20:30:14,301 ERROR 15568 [egg-view-assets] port 8000 has been used
2019-04-12 20:30:33,563 ERROR 12076 [-/::1/-/4ms GET /api/demo] nodejs.TypeError: bodyConstruct is not a function
    at PlayerService.list (C:\Users\ifgame\Desktop\umi-gm\app\service\player.js:17:12)
    at HomeController.demo (C:\Users\ifgame\Desktop\umi-gm\app\controller\home.js:12:40)
    at Object.callFn (C:\Users\ifgame\Desktop\umi-gm\node_modules\egg-core\lib\utils\index.js:44:21)
    at Object.classControllerMiddleware (C:\Users\ifgame\Desktop\umi-gm\node_modules\egg-core\lib\loader\mixin\controller.js:87:20)
    at Object.callFn (C:\Users\ifgame\Desktop\umi-gm\node_modules\@eggjs\router\lib\utils.js:12:21)
    at wrappedController (C:\Users\ifgame\Desktop\umi-gm\node_modules\@eggjs\router\lib\egg_router.js:322:18)
    at dispatch (C:\Users\ifgame\Desktop\umi-gm\node_modules\koa-compose\index.js:44:32)
    at next (C:\Users\ifgame\Desktop\umi-gm\node_modules\koa-compose\index.js:45:18)
    at C:\Users\ifgame\Desktop\umi-gm\node_modules\@eggjs\router\lib\router.js:190:18
    at dispatch (C:\Users\ifgame\Desktop\umi-gm\node_modules\koa-compose\index.js:44:32)

pid: 12076
hostname: DESKTOP-NCOD5CJ

2019-04-12 20:32:55,862 ERROR 12784 [-/::1/-/9ms GET /api/demo] nodejs.TypeError: md5Hash is not a function
    at md5 (C:\Users\ifgame\Desktop\umi-gm\app\util\gmsrv.js:6:10)
    at exports.genBody (C:\Users\ifgame\Desktop\umi-gm\app\util\gmsrv.js:36:17)
    at PlayerService.list (C:\Users\ifgame\Desktop\umi-gm\app\service\player.js:17:12)
    at HomeController.demo (C:\Users\ifgame\Desktop\umi-gm\app\controller\home.js:12:40)
    at Object.callFn (C:\Users\ifgame\Desktop\umi-gm\node_modules\egg-core\lib\utils\index.js:44:21)
    at Object.classControllerMiddleware (C:\Users\ifgame\Desktop\umi-gm\node_modules\egg-core\lib\loader\mixin\controller.js:87:20)
    at Object.callFn (C:\Users\ifgame\Desktop\umi-gm\node_modules\@eggjs\router\lib\utils.js:12:21)
    at wrappedController (C:\Users\ifgame\Desktop\umi-gm\node_modules\@eggjs\router\lib\egg_router.js:322:18)
    at dispatch (C:\Users\ifgame\Desktop\umi-gm\node_modules\koa-compose\index.js:44:32)
    at next (C:\Users\ifgame\Desktop\umi-gm\node_modules\koa-compose\index.js:45:18)

pid: 12784
hostname: DESKTOP-NCOD5CJ

