2019-04-30 15:56:52,776 INFO 8325 [egg:logger] init all loggers with options: {"dir":"/mnt/g/umi-gm/logs/umi-gm","encoding":"utf8","env":"local","level":"INFO","consoleLevel":"INFO","disableConsoleAfterReady":false,"outputJSON":false,"buffer":true,"appLogName":"umi-gm-web.log","coreLogName":"egg-web.log","agentLogName":"egg-agent.log","errorLogName":"common-error.log","coreLogger":{"consoleLevel":"WARN"},"allowDebugAtProd":false,"type":"application"}
2019-04-30 15:56:52,786 INFO 8325 [egg-multipart] stream mode enable
2019-04-30 15:56:52,786 INFO 8325 [egg-mysql] connecting root@localhost:3306/gm
2019-04-30 15:56:52,810 INFO 8325 [egg-static] starting static serve /public/ -> /mnt/g/umi-gm/app/public
2019-04-30 15:56:52,810 INFO 8325 [egg-security] use methodnoallow middleware
2019-04-30 15:56:52,811 INFO 8325 [egg-security] use noopen middleware
2019-04-30 15:56:52,811 INFO 8325 [egg-security] use nosniff middleware
2019-04-30 15:56:52,811 INFO 8325 [egg-security] use xssProtection middleware
2019-04-30 15:56:52,811 INFO 8325 [egg-security] use xframe middleware
2019-04-30 15:56:52,811 INFO 8325 [egg-security] use dta middleware
2019-04-30 15:56:52,811 INFO 8325 [egg-security] compose 6 middlewares into one security middleware
2019-04-30 15:56:52,839 INFO 8325 [egg:core] dump config after load, 22ms
2019-04-30 15:56:52,846 INFO 8325 [egg-watcher:application] watcher start success
2019-04-30 15:56:52,851 INFO 8325 [egg-mysql] instance[1] status OK, rds currentTime: Tue Apr 30 2019 15:56:52 GMT+0800 (GMT+08:00)
2019-04-30 15:56:52,884 INFO 8325 [egg:core] dump config after ready, 33ms
2019-04-30 15:56:52,925 INFO 8325 [egg-view-nunjucks] loading templates from ["/mnt/g/umi-gm/app/view"]
2019-04-30 16:01:32,181 INFO 8386 [egg:logger] init all loggers with options: {"dir":"/mnt/g/umi-gm/logs/umi-gm","encoding":"utf8","env":"local","level":"INFO","consoleLevel":"INFO","disableConsoleAfterReady":false,"outputJSON":false,"buffer":true,"appLogName":"umi-gm-web.log","coreLogName":"egg-web.log","agentLogName":"egg-agent.log","errorLogName":"common-error.log","coreLogger":{"consoleLevel":"WARN"},"allowDebugAtProd":false,"type":"application"}
2019-04-30 16:01:32,293 INFO 8386 [egg-multipart] stream mode enable
2019-04-30 16:01:32,296 INFO 8386 [egg-mysql] connecting root@localhost:3306/gm
2019-04-30 16:01:32,723 INFO 8386 [egg-static] starting static serve /public/ -> /mnt/g/umi-gm/app/public
2019-04-30 16:01:32,728 INFO 8386 [egg-security] use methodnoallow middleware
2019-04-30 16:01:32,729 INFO 8386 [egg-security] use noopen middleware
2019-04-30 16:01:32,731 INFO 8386 [egg-security] use nosniff middleware
2019-04-30 16:01:32,732 INFO 8386 [egg-security] use xssProtection middleware
2019-04-30 16:01:32,733 INFO 8386 [egg-security] use xframe middleware
2019-04-30 16:01:32,734 INFO 8386 [egg-security] use dta middleware
2019-04-30 16:01:32,734 INFO 8386 [egg-security] compose 6 middlewares into one security middleware
2019-04-30 16:01:32,807 INFO 8386 [egg:core] dump config after load, 27ms
2019-04-30 16:01:32,851 INFO 8386 [egg-watcher:application] watcher start success
2019-04-30 16:01:32,857 INFO 8386 [egg-mysql] instance[0] status OK, rds currentTime: Tue Apr 30 2019 16:01:32 GMT+0800 (GMT+08:00)
2019-04-30 16:01:32,886 INFO 8386 [egg:core] dump config after ready, 26ms
2019-04-30 16:01:56,963 INFO 8386 [egg-view-nunjucks] loading templates from ["/mnt/g/umi-gm/app/view"]
2019-04-30 16:06:33,616 INFO 8519 [egg:logger] init all loggers with options: {"dir":"/mnt/g/umi-gm/logs/umi-gm","encoding":"utf8","env":"local","level":"INFO","consoleLevel":"DEBUG","disableConsoleAfterReady":false,"outputJSON":false,"buffer":true,"appLogName":"umi-gm-web.log","coreLogName":"egg-web.log","agentLogName":"egg-agent.log","errorLogName":"common-error.log","coreLogger":{"consoleLevel":"WARN"},"allowDebugAtProd":false,"type":"application"}
2019-04-30 16:06:33,728 INFO 8519 [egg-multipart] stream mode enable
2019-04-30 16:06:33,730 INFO 8519 [egg-mysql] connecting root@localhost:3306/gm
2019-04-30 16:06:34,168 INFO 8519 [egg-static] starting static serve /public/ -> /mnt/g/umi-gm/app/public
2019-04-30 16:06:34,172 INFO 8519 [egg-security] use methodnoallow middleware
2019-04-30 16:06:34,173 INFO 8519 [egg-security] use noopen middleware
2019-04-30 16:06:34,177 INFO 8519 [egg-security] use nosniff middleware
2019-04-30 16:06:34,178 INFO 8519 [egg-security] use xssProtection middleware
2019-04-30 16:06:34,179 INFO 8519 [egg-security] use xframe middleware
2019-04-30 16:06:34,179 INFO 8519 [egg-security] use dta middleware
2019-04-30 16:06:34,179 INFO 8519 [egg-security] compose 6 middlewares into one security middleware
2019-04-30 16:06:34,231 INFO 8519 [egg:core] dump config after load, 29ms
2019-04-30 16:06:34,279 INFO 8519 [egg-watcher:application] watcher start success
2019-04-30 16:06:34,284 INFO 8519 [egg-mysql] instance[0] status OK, rds currentTime: Tue Apr 30 2019 16:06:34 GMT+0800 (GMT+08:00)
2019-04-30 16:06:34,316 INFO 8519 [egg:core] dump config after ready, 29ms
2019-04-30 16:06:57,323 INFO 8519 [egg-view-nunjucks] loading templates from ["/mnt/g/umi-gm/app/view"]
2019-04-30 16:10:00,334 WARN 8519 [ClusterClient:Watcher] follower closed, and try to init it again
2019-04-30 16:10:20,201 INFO 8599 [egg:logger] init all loggers with options: {"dir":"/mnt/g/umi-gm/logs/umi-gm","encoding":"utf8","env":"local","level":"INFO","consoleLevel":"DEBUG","disableConsoleAfterReady":false,"outputJSON":false,"buffer":true,"appLogName":"umi-gm-web.log","coreLogName":"egg-web.log","agentLogName":"egg-agent.log","errorLogName":"common-error.log","coreLogger":{"consoleLevel":"WARN"},"allowDebugAtProd":false,"type":"application"}
2019-04-30 16:10:20,312 INFO 8599 [egg-multipart] stream mode enable
2019-04-30 16:10:20,315 INFO 8599 [egg-mysql] connecting root@localhost:3306/gm
2019-04-30 16:10:20,750 INFO 8599 [egg-static] starting static serve /public/ -> /mnt/g/umi-gm/app/public
2019-04-30 16:10:20,756 INFO 8599 [egg-security] use methodnoallow middleware
2019-04-30 16:10:20,757 INFO 8599 [egg-security] use noopen middleware
2019-04-30 16:10:20,759 INFO 8599 [egg-security] use nosniff middleware
2019-04-30 16:10:20,760 INFO 8599 [egg-security] use xssProtection middleware
2019-04-30 16:10:20,761 INFO 8599 [egg-security] use xframe middleware
2019-04-30 16:10:20,762 INFO 8599 [egg-security] use dta middleware
2019-04-30 16:10:20,762 INFO 8599 [egg-security] compose 6 middlewares into one security middleware
2019-04-30 16:10:20,811 INFO 8599 [egg:core] dump config after load, 28ms
2019-04-30 16:10:20,862 INFO 8599 [egg-watcher:application] watcher start success
2019-04-30 16:10:20,867 INFO 8599 [egg-mysql] instance[0] status OK, rds currentTime: Tue Apr 30 2019 16:10:20 GMT+0800 (GMT+08:00)
2019-04-30 16:10:20,902 INFO 8599 [egg:core] dump config after ready, 32ms
2019-04-30 16:10:20,935 INFO 8599 [egg-view-nunjucks] loading templates from ["/mnt/g/umi-gm/app/view"]
2019-04-30 16:12:56,816 INFO 8625 [egg:logger] init all loggers with options: {"dir":"/mnt/g/umi-gm/logs/umi-gm","encoding":"utf8","env":"local","level":"INFO","consoleLevel":"DEBUG","disableConsoleAfterReady":false,"outputJSON":false,"buffer":true,"appLogName":"umi-gm-web.log","coreLogName":"egg-web.log","agentLogName":"egg-agent.log","errorLogName":"common-error.log","coreLogger":{"consoleLevel":"WARN"},"allowDebugAtProd":false,"type":"application"}
2019-04-30 16:12:56,932 INFO 8625 [egg-multipart] stream mode enable
2019-04-30 16:12:56,935 INFO 8625 [egg-mysql] connecting root@localhost:3306/gm
2019-04-30 16:12:57,339 INFO 8625 [egg-static] starting static serve /public/ -> /mnt/g/umi-gm/app/public
2019-04-30 16:12:57,344 INFO 8625 [egg-security] use methodnoallow middleware
2019-04-30 16:12:57,345 INFO 8625 [egg-security] use noopen middleware
2019-04-30 16:12:57,347 INFO 8625 [egg-security] use nosniff middleware
2019-04-30 16:12:57,349 INFO 8625 [egg-security] use xssProtection middleware
2019-04-30 16:12:57,350 INFO 8625 [egg-security] use xframe middleware
2019-04-30 16:12:57,351 INFO 8625 [egg-security] use dta middleware
2019-04-30 16:12:57,351 INFO 8625 [egg-security] compose 6 middlewares into one security middleware
2019-04-30 16:12:57,412 INFO 8625 [egg:core] dump config after load, 37ms
2019-04-30 16:12:57,468 INFO 8625 [egg-watcher:application] watcher start success
2019-04-30 16:12:57,475 INFO 8625 [egg-mysql] instance[0] status OK, rds currentTime: Tue Apr 30 2019 16:12:57 GMT+0800 (GMT+08:00)
2019-04-30 16:12:57,522 INFO 8625 [egg:core] dump config after ready, 42ms
2019-04-30 16:13:22,817 INFO 8637 [egg:logger] init all loggers with options: {"dir":"/mnt/g/umi-gm/logs/umi-gm","encoding":"utf8","env":"local","level":"INFO","consoleLevel":"DEBUG","disableConsoleAfterReady":false,"outputJSON":false,"buffer":true,"appLogName":"umi-gm-web.log","coreLogName":"egg-web.log","agentLogName":"egg-agent.log","errorLogName":"common-error.log","coreLogger":{"consoleLevel":"WARN"},"allowDebugAtProd":false,"type":"application"}
2019-04-30 16:13:22,934 INFO 8637 [egg-multipart] stream mode enable
2019-04-30 16:13:22,937 INFO 8637 [egg-mysql] connecting root@localhost:3306/gm
2019-04-30 16:13:23,350 INFO 8637 [egg-static] starting static serve /public/ -> /mnt/g/umi-gm/app/public
2019-04-30 16:13:23,357 INFO 8637 [egg-security] use methodnoallow middleware
2019-04-30 16:13:23,358 INFO 8637 [egg-security] use noopen middleware
2019-04-30 16:13:23,360 INFO 8637 [egg-security] use nosniff middleware
2019-04-30 16:13:23,361 INFO 8637 [egg-security] use xssProtection middleware
2019-04-30 16:13:23,361 INFO 8637 [egg-security] use xframe middleware
2019-04-30 16:13:23,362 INFO 8637 [egg-security] use dta middleware
2019-04-30 16:13:23,362 INFO 8637 [egg-security] compose 6 middlewares into one security middleware
2019-04-30 16:13:23,418 INFO 8637 [egg:core] dump config after load, 35ms
2019-04-30 16:13:23,459 INFO 8637 [egg-watcher:application] watcher start success
2019-04-30 16:13:23,475 INFO 8637 [egg-mysql] instance[0] status OK, rds currentTime: Tue Apr 30 2019 16:13:23 GMT+0800 (GMT+08:00)
2019-04-30 16:13:23,509 INFO 8637 [egg:core] dump config after ready, 30ms
2019-04-30 16:14:14,324 INFO 8649 [egg:logger] init all loggers with options: {"dir":"/mnt/g/umi-gm/logs/umi-gm","encoding":"utf8","env":"local","level":"INFO","consoleLevel":"DEBUG","disableConsoleAfterReady":false,"outputJSON":false,"buffer":true,"appLogName":"umi-gm-web.log","coreLogName":"egg-web.log","agentLogName":"egg-agent.log","errorLogName":"common-error.log","coreLogger":{"consoleLevel":"WARN"},"allowDebugAtProd":false,"type":"application"}
2019-04-30 16:14:14,444 INFO 8649 [egg-multipart] stream mode enable
2019-04-30 16:14:14,446 INFO 8649 [egg-mysql] connecting root@localhost:3306/gm
2019-04-30 16:14:14,959 INFO 8649 [egg-static] starting static serve /public/ -> /mnt/g/umi-gm/app/public
2019-04-30 16:14:14,964 INFO 8649 [egg-security] use methodnoallow middleware
2019-04-30 16:14:14,965 INFO 8649 [egg-security] use noopen middleware
2019-04-30 16:14:14,972 INFO 8649 [egg-security] use nosniff middleware
2019-04-30 16:14:14,973 INFO 8649 [egg-security] use xssProtection middleware
2019-04-30 16:14:14,974 INFO 8649 [egg-security] use xframe middleware
2019-04-30 16:14:14,975 INFO 8649 [egg-security] use dta middleware
2019-04-30 16:14:14,975 INFO 8649 [egg-security] compose 6 middlewares into one security middleware
2019-04-30 16:14:15,040 INFO 8649 [egg:core] dump config after load, 43ms
2019-04-30 16:14:15,095 INFO 8649 [egg-watcher:application] watcher start success
2019-04-30 16:14:15,132 INFO 8649 [egg-mysql] instance[0] status OK, rds currentTime: Tue Apr 30 2019 16:14:15 GMT+0800 (GMT+08:00)
2019-04-30 16:14:15,209 INFO 8649 [egg:core] dump config after ready, 73ms
2019-04-30 16:14:43,508 INFO 8661 [egg:logger] init all loggers with options: {"dir":"/mnt/g/umi-gm/logs/umi-gm","encoding":"utf8","env":"local","level":"INFO","consoleLevel":"DEBUG","disableConsoleAfterReady":false,"outputJSON":false,"buffer":true,"appLogName":"umi-gm-web.log","coreLogName":"egg-web.log","agentLogName":"egg-agent.log","errorLogName":"common-error.log","coreLogger":{"consoleLevel":"WARN"},"allowDebugAtProd":false,"type":"application"}
2019-04-30 16:14:43,618 INFO 8661 [egg-multipart] stream mode enable
2019-04-30 16:14:43,621 INFO 8661 [egg-mysql] connecting root@localhost:3306/gm
2019-04-30 16:14:44,034 INFO 8661 [egg-static] starting static serve /public/ -> /mnt/g/umi-gm/app/public
2019-04-30 16:14:44,039 INFO 8661 [egg-security] use methodnoallow middleware
2019-04-30 16:14:44,040 INFO 8661 [egg-security] use noopen middleware
2019-04-30 16:14:44,042 INFO 8661 [egg-security] use nosniff middleware
2019-04-30 16:14:44,043 INFO 8661 [egg-security] use xssProtection middleware
2019-04-30 16:14:44,044 INFO 8661 [egg-security] use xframe middleware
2019-04-30 16:14:44,045 INFO 8661 [egg-security] use dta middleware
2019-04-30 16:14:44,045 INFO 8661 [egg-security] compose 6 middlewares into one security middleware
2019-04-30 16:14:44,094 INFO 8661 [egg:core] dump config after load, 29ms
2019-04-30 16:14:44,130 INFO 8661 [egg-watcher:application] watcher start success
2019-04-30 16:14:44,145 INFO 8661 [egg-mysql] instance[0] status OK, rds currentTime: Tue Apr 30 2019 16:14:44 GMT+0800 (GMT+08:00)
2019-04-30 16:14:44,177 INFO 8661 [egg:core] dump config after ready, 29ms
2019-04-30 16:18:23,186 INFO 8673 [egg:logger] init all loggers with options: {"dir":"/mnt/g/umi-gm/logs/umi-gm","encoding":"utf8","env":"local","level":"INFO","consoleLevel":"DEBUG","disableConsoleAfterReady":false,"outputJSON":false,"buffer":true,"appLogName":"umi-gm-web.log","coreLogName":"egg-web.log","agentLogName":"egg-agent.log","errorLogName":"common-error.log","coreLogger":{"consoleLevel":"WARN"},"allowDebugAtProd":false,"type":"application"}
2019-04-30 16:18:23,292 INFO 8673 [egg-multipart] stream mode enable
2019-04-30 16:18:23,294 INFO 8673 [egg-mysql] connecting root@localhost:3306/gm
2019-04-30 16:18:23,697 INFO 8673 [egg-static] starting static serve /public/ -> /mnt/g/umi-gm/app/public
2019-04-30 16:18:23,703 INFO 8673 [egg-security] use methodnoallow middleware
2019-04-30 16:18:23,704 INFO 8673 [egg-security] use noopen middleware
2019-04-30 16:18:23,706 INFO 8673 [egg-security] use nosniff middleware
2019-04-30 16:18:23,706 INFO 8673 [egg-security] use xssProtection middleware
2019-04-30 16:18:23,707 INFO 8673 [egg-security] use xframe middleware
2019-04-30 16:18:23,708 INFO 8673 [egg-security] use dta middleware
2019-04-30 16:18:23,708 INFO 8673 [egg-security] compose 6 middlewares into one security middleware
2019-04-30 16:18:23,756 INFO 8673 [egg:core] dump config after load, 28ms
2019-04-30 16:18:23,792 INFO 8673 [egg-watcher:application] watcher start success
2019-04-30 16:18:23,808 INFO 8673 [egg-mysql] instance[0] status OK, rds currentTime: Tue Apr 30 2019 16:18:23 GMT+0800 (GMT+08:00)
2019-04-30 16:18:23,841 INFO 8673 [egg:core] dump config after ready, 30ms
