2019-04-30 15:56:52,786 INFO 8325 [egg-schedule]: register schedule /mnt/g/umi-gm/node_modules/egg-logrotator/app/schedule/clean_log.js
2019-04-30 15:56:52,786 INFO 8325 [egg-schedule]: register schedule /mnt/g/umi-gm/node_modules/egg-logrotator/app/schedule/rotate_by_file.js
2019-04-30 15:56:52,884 INFO 8325 [Timer] /mnt/g/umi-gm/node_modules/egg-logrotator/app/schedule/clean_log.js next time will execute after 28987116ms at 2019-05-01 00:00:00.000
2019-04-30 15:56:52,885 INFO 8325 [Timer] /mnt/g/umi-gm/node_modules/egg-logrotator/app/schedule/rotate_by_file.js next time will execute after 28988115ms at 2019-05-01 00:00:01.000
2019-04-30 16:01:32,291 INFO 8386 [egg-schedule]: register schedule /mnt/g/umi-gm/node_modules/egg-logrotator/app/schedule/clean_log.js
2019-04-30 16:01:32,291 INFO 8386 [egg-schedule]: register schedule /mnt/g/umi-gm/node_modules/egg-logrotator/app/schedule/rotate_by_file.js
2019-04-30 16:01:32,903 INFO 8374 [Timer] /mnt/g/umi-gm/node_modules/egg-logrotator/app/schedule/clean_log.js next time will execute after 28707107ms at 2019-05-01 00:00:00.010
2019-04-30 16:01:32,904 INFO 8374 [Timer] /mnt/g/umi-gm/node_modules/egg-logrotator/app/schedule/rotate_by_file.js next time will execute after 28708097ms at 2019-05-01 00:00:01.001
2019-04-30 16:06:33,726 INFO 8519 [egg-schedule]: register schedule /mnt/g/umi-gm/node_modules/egg-logrotator/app/schedule/clean_log.js
2019-04-30 16:06:33,726 INFO 8519 [egg-schedule]: register schedule /mnt/g/umi-gm/node_modules/egg-logrotator/app/schedule/rotate_by_file.js
2019-04-30 16:06:34,334 INFO 8502 [Timer] /mnt/g/umi-gm/node_modules/egg-logrotator/app/schedule/clean_log.js next time will execute after 28405677ms at 2019-05-01 00:00:00.011
2019-04-30 16:06:34,335 INFO 8502 [Timer] /mnt/g/umi-gm/node_modules/egg-logrotator/app/schedule/rotate_by_file.js next time will execute after 28406665ms at 2019-05-01 00:00:01.000
2019-04-30 16:10:20,921 INFO 8582 [Timer] /mnt/g/umi-gm/node_modules/egg-logrotator/app/schedule/clean_log.js next time will execute after 28179090ms at 2019-05-01 00:00:00.011
2019-04-30 16:10:20,923 INFO 8582 [Timer] /mnt/g/umi-gm/node_modules/egg-logrotator/app/schedule/rotate_by_file.js next time will execute after 28180078ms at 2019-05-01 00:00:01.001
2019-04-30 16:10:20,310 INFO 8599 [egg-schedule]: register schedule /mnt/g/umi-gm/node_modules/egg-logrotator/app/schedule/clean_log.js
2019-04-30 16:10:20,310 INFO 8599 [egg-schedule]: register schedule /mnt/g/umi-gm/node_modules/egg-logrotator/app/schedule/rotate_by_file.js
2019-04-30 16:12:56,929 INFO 8625 [egg-schedule]: register schedule /mnt/g/umi-gm/node_modules/egg-logrotator/app/schedule/clean_log.js
2019-04-30 16:12:56,929 INFO 8625 [egg-schedule]: register schedule /mnt/g/umi-gm/node_modules/egg-logrotator/app/schedule/rotate_by_file.js
2019-04-30 16:13:22,931 INFO 8637 [egg-schedule]: register schedule /mnt/g/umi-gm/node_modules/egg-logrotator/app/schedule/clean_log.js
2019-04-30 16:13:22,931 INFO 8637 [egg-schedule]: register schedule /mnt/g/umi-gm/node_modules/egg-logrotator/app/schedule/rotate_by_file.js
2019-04-30 16:14:14,442 INFO 8649 [egg-schedule]: register schedule /mnt/g/umi-gm/node_modules/egg-logrotator/app/schedule/clean_log.js
2019-04-30 16:14:14,442 INFO 8649 [egg-schedule]: register schedule /mnt/g/umi-gm/node_modules/egg-logrotator/app/schedule/rotate_by_file.js
2019-04-30 16:14:43,616 INFO 8661 [egg-schedule]: register schedule /mnt/g/umi-gm/node_modules/egg-logrotator/app/schedule/clean_log.js
2019-04-30 16:14:43,616 INFO 8661 [egg-schedule]: register schedule /mnt/g/umi-gm/node_modules/egg-logrotator/app/schedule/rotate_by_file.js
2019-04-30 16:18:23,290 INFO 8673 [egg-schedule]: register schedule /mnt/g/umi-gm/node_modules/egg-logrotator/app/schedule/clean_log.js
2019-04-30 16:18:23,290 INFO 8673 [egg-schedule]: register schedule /mnt/g/umi-gm/node_modules/egg-logrotator/app/schedule/rotate_by_file.js
2019-04-30 18:20:05,838 INFO 9034 [egg-schedule]: register schedule /mnt/g/umi-gm/node_modules/egg-logrotator/app/schedule/clean_log.js
2019-04-30 18:20:05,838 INFO 9034 [egg-schedule]: register schedule /mnt/g/umi-gm/node_modules/egg-logrotator/app/schedule/rotate_by_file.js
2019-04-30 18:20:12,881 INFO 9017 [Timer] /mnt/g/umi-gm/node_modules/egg-logrotator/app/schedule/clean_log.js next time will execute after 20387130ms at 2019-05-01 00:00:00.011
2019-04-30 18:20:12,882 INFO 9017 [Timer] /mnt/g/umi-gm/node_modules/egg-logrotator/app/schedule/rotate_by_file.js next time will execute after 20388119ms at 2019-05-01 00:00:01.001
2019-04-30 18:20:57,077 INFO 9054 [egg-schedule]: register schedule /mnt/g/umi-gm/node_modules/egg-logrotator/app/schedule/clean_log.js
2019-04-30 18:20:57,077 INFO 9054 [egg-schedule]: register schedule /mnt/g/umi-gm/node_modules/egg-logrotator/app/schedule/rotate_by_file.js
2019-04-30 18:21:04,475 INFO 9070 [egg-schedule]: register schedule /mnt/g/umi-gm/node_modules/egg-logrotator/app/schedule/clean_log.js
2019-04-30 18:21:04,475 INFO 9070 [egg-schedule]: register schedule /mnt/g/umi-gm/node_modules/egg-logrotator/app/schedule/rotate_by_file.js
2019-04-30 18:21:35,972 INFO 9082 [egg-schedule]: register schedule /mnt/g/umi-gm/node_modules/egg-logrotator/app/schedule/clean_log.js
2019-04-30 18:21:35,972 INFO 9082 [egg-schedule]: register schedule /mnt/g/umi-gm/node_modules/egg-logrotator/app/schedule/rotate_by_file.js
2019-04-30 18:22:45,552 INFO 9096 [egg-schedule]: register schedule /mnt/g/umi-gm/node_modules/egg-logrotator/app/schedule/clean_log.js
2019-04-30 18:22:45,553 INFO 9096 [egg-schedule]: register schedule /mnt/g/umi-gm/node_modules/egg-logrotator/app/schedule/rotate_by_file.js
2019-04-30 18:23:28,553 INFO 9108 [egg-schedule]: register schedule /mnt/g/umi-gm/node_modules/egg-logrotator/app/schedule/clean_log.js
2019-04-30 18:23:28,553 INFO 9108 [egg-schedule]: register schedule /mnt/g/umi-gm/node_modules/egg-logrotator/app/schedule/rotate_by_file.js
2019-04-30 18:23:39,561 INFO 9120 [egg-schedule]: register schedule /mnt/g/umi-gm/node_modules/egg-logrotator/app/schedule/clean_log.js
2019-04-30 18:23:39,561 INFO 9120 [egg-schedule]: register schedule /mnt/g/umi-gm/node_modules/egg-logrotator/app/schedule/rotate_by_file.js
2019-04-30 18:23:44,070 INFO 9132 [egg-schedule]: register schedule /mnt/g/umi-gm/node_modules/egg-logrotator/app/schedule/clean_log.js
2019-04-30 18:23:44,070 INFO 9132 [egg-schedule]: register schedule /mnt/g/umi-gm/node_modules/egg-logrotator/app/schedule/rotate_by_file.js
2019-04-30 18:23:47,319 INFO 9139 [egg-schedule]: register schedule /mnt/g/umi-gm/node_modules/egg-logrotator/app/schedule/clean_log.js
2019-04-30 18:23:47,319 INFO 9139 [egg-schedule]: register schedule /mnt/g/umi-gm/node_modules/egg-logrotator/app/schedule/rotate_by_file.js
2019-04-30 18:23:51,690 INFO 9156 [egg-schedule]: register schedule /mnt/g/umi-gm/node_modules/egg-logrotator/app/schedule/clean_log.js
2019-04-30 18:23:51,690 INFO 9156 [egg-schedule]: register schedule /mnt/g/umi-gm/node_modules/egg-logrotator/app/schedule/rotate_by_file.js
2019-04-30 18:23:55,893 INFO 9168 [egg-schedule]: register schedule /mnt/g/umi-gm/node_modules/egg-logrotator/app/schedule/clean_log.js
2019-04-30 18:23:55,893 INFO 9168 [egg-schedule]: register schedule /mnt/g/umi-gm/node_modules/egg-logrotator/app/schedule/rotate_by_file.js
2019-04-30 18:24:00,779 INFO 9180 [egg-schedule]: register schedule /mnt/g/umi-gm/node_modules/egg-logrotator/app/schedule/clean_log.js
2019-04-30 18:24:00,779 INFO 9180 [egg-schedule]: register schedule /mnt/g/umi-gm/node_modules/egg-logrotator/app/schedule/rotate_by_file.js
2019-04-30 18:24:58,430 INFO 9192 [egg-schedule]: register schedule /mnt/g/umi-gm/node_modules/egg-logrotator/app/schedule/clean_log.js
2019-04-30 18:24:58,430 INFO 9192 [egg-schedule]: register schedule /mnt/g/umi-gm/node_modules/egg-logrotator/app/schedule/rotate_by_file.js
2019-04-30 18:25:36,204 INFO 9204 [egg-schedule]: register schedule /mnt/g/umi-gm/node_modules/egg-logrotator/app/schedule/clean_log.js
2019-04-30 18:25:36,204 INFO 9204 [egg-schedule]: register schedule /mnt/g/umi-gm/node_modules/egg-logrotator/app/schedule/rotate_by_file.js
2019-04-30 18:26:08,894 INFO 9216 [egg-schedule]: register schedule /mnt/g/umi-gm/node_modules/egg-logrotator/app/schedule/clean_log.js
2019-04-30 18:26:08,894 INFO 9216 [egg-schedule]: register schedule /mnt/g/umi-gm/node_modules/egg-logrotator/app/schedule/rotate_by_file.js
2019-04-30 18:26:43,220 INFO 9228 [egg-schedule]: register schedule /mnt/g/umi-gm/node_modules/egg-logrotator/app/schedule/clean_log.js
2019-04-30 18:26:43,220 INFO 9228 [egg-schedule]: register schedule /mnt/g/umi-gm/node_modules/egg-logrotator/app/schedule/rotate_by_file.js
2019-04-30 18:27:02,069 INFO 9240 [egg-schedule]: register schedule /mnt/g/umi-gm/node_modules/egg-logrotator/app/schedule/clean_log.js
2019-04-30 18:27:02,069 INFO 9240 [egg-schedule]: register schedule /mnt/g/umi-gm/node_modules/egg-logrotator/app/schedule/rotate_by_file.js
2019-04-30 18:28:25,150 INFO 9252 [egg-schedule]: register schedule /mnt/g/umi-gm/node_modules/egg-logrotator/app/schedule/clean_log.js
2019-04-30 18:28:25,150 INFO 9252 [egg-schedule]: register schedule /mnt/g/umi-gm/node_modules/egg-logrotator/app/schedule/rotate_by_file.js
2019-04-30 18:29:45,525 INFO 9264 [egg-schedule]: register schedule /mnt/g/umi-gm/node_modules/egg-logrotator/app/schedule/clean_log.js
2019-04-30 18:29:45,525 INFO 9264 [egg-schedule]: register schedule /mnt/g/umi-gm/node_modules/egg-logrotator/app/schedule/rotate_by_file.js
2019-04-30 18:30:52,304 INFO 9276 [egg-schedule]: register schedule /mnt/g/umi-gm/node_modules/egg-logrotator/app/schedule/clean_log.js
2019-04-30 18:30:52,304 INFO 9276 [egg-schedule]: register schedule /mnt/g/umi-gm/node_modules/egg-logrotator/app/schedule/rotate_by_file.js
2019-04-30 18:31:11,203 INFO 9288 [egg-schedule]: register schedule /mnt/g/umi-gm/node_modules/egg-logrotator/app/schedule/clean_log.js
2019-04-30 18:31:11,203 INFO 9288 [egg-schedule]: register schedule /mnt/g/umi-gm/node_modules/egg-logrotator/app/schedule/rotate_by_file.js
2019-04-30 18:32:06,141 INFO 9300 [egg-schedule]: register schedule /mnt/g/umi-gm/node_modules/egg-logrotator/app/schedule/clean_log.js
2019-04-30 18:32:06,141 INFO 9300 [egg-schedule]: register schedule /mnt/g/umi-gm/node_modules/egg-logrotator/app/schedule/rotate_by_file.js
2019-04-30 18:32:10,855 INFO 9312 [egg-schedule]: register schedule /mnt/g/umi-gm/node_modules/egg-logrotator/app/schedule/clean_log.js
2019-04-30 18:32:10,855 INFO 9312 [egg-schedule]: register schedule /mnt/g/umi-gm/node_modules/egg-logrotator/app/schedule/rotate_by_file.js
2019-04-30 18:32:15,515 INFO 9323 [egg-schedule]: register schedule /mnt/g/umi-gm/node_modules/egg-logrotator/app/schedule/clean_log.js
2019-04-30 18:32:15,515 INFO 9323 [egg-schedule]: register schedule /mnt/g/umi-gm/node_modules/egg-logrotator/app/schedule/rotate_by_file.js
2019-04-30 18:32:31,354 INFO 9336 [egg-schedule]: register schedule /mnt/g/umi-gm/node_modules/egg-logrotator/app/schedule/clean_log.js
2019-04-30 18:32:31,354 INFO 9336 [egg-schedule]: register schedule /mnt/g/umi-gm/node_modules/egg-logrotator/app/schedule/rotate_by_file.js
2019-04-30 18:32:46,409 INFO 9348 [egg-schedule]: register schedule /mnt/g/umi-gm/node_modules/egg-logrotator/app/schedule/clean_log.js
2019-04-30 18:32:46,409 INFO 9348 [egg-schedule]: register schedule /mnt/g/umi-gm/node_modules/egg-logrotator/app/schedule/rotate_by_file.js
2019-04-30 18:35:14,247 INFO 9360 [egg-schedule]: register schedule /mnt/g/umi-gm/node_modules/egg-logrotator/app/schedule/clean_log.js
2019-04-30 18:35:14,247 INFO 9360 [egg-schedule]: register schedule /mnt/g/umi-gm/node_modules/egg-logrotator/app/schedule/rotate_by_file.js
2019-04-30 18:36:19,486 INFO 9372 [egg-schedule]: register schedule /mnt/g/umi-gm/node_modules/egg-logrotator/app/schedule/clean_log.js
2019-04-30 18:36:19,486 INFO 9372 [egg-schedule]: register schedule /mnt/g/umi-gm/node_modules/egg-logrotator/app/schedule/rotate_by_file.js
2019-04-30 18:36:57,479 INFO 9384 [egg-schedule]: register schedule /mnt/g/umi-gm/node_modules/egg-logrotator/app/schedule/clean_log.js
2019-04-30 18:36:57,479 INFO 9384 [egg-schedule]: register schedule /mnt/g/umi-gm/node_modules/egg-logrotator/app/schedule/rotate_by_file.js
2019-04-30 18:37:01,966 INFO 9396 [egg-schedule]: register schedule /mnt/g/umi-gm/node_modules/egg-logrotator/app/schedule/clean_log.js
2019-04-30 18:37:01,966 INFO 9396 [egg-schedule]: register schedule /mnt/g/umi-gm/node_modules/egg-logrotator/app/schedule/rotate_by_file.js
2019-04-30 18:37:16,070 INFO 9408 [egg-schedule]: register schedule /mnt/g/umi-gm/node_modules/egg-logrotator/app/schedule/clean_log.js
2019-04-30 18:37:16,070 INFO 9408 [egg-schedule]: register schedule /mnt/g/umi-gm/node_modules/egg-logrotator/app/schedule/rotate_by_file.js
2019-04-30 18:37:28,728 INFO 9420 [egg-schedule]: register schedule /mnt/g/umi-gm/node_modules/egg-logrotator/app/schedule/clean_log.js
2019-04-30 18:37:28,728 INFO 9420 [egg-schedule]: register schedule /mnt/g/umi-gm/node_modules/egg-logrotator/app/schedule/rotate_by_file.js
2019-04-30 18:38:09,875 INFO 9432 [egg-schedule]: register schedule /mnt/g/umi-gm/node_modules/egg-logrotator/app/schedule/clean_log.js
2019-04-30 18:38:09,875 INFO 9432 [egg-schedule]: register schedule /mnt/g/umi-gm/node_modules/egg-logrotator/app/schedule/rotate_by_file.js
2019-04-30 18:39:13,801 INFO 9444 [egg-schedule]: register schedule /mnt/g/umi-gm/node_modules/egg-logrotator/app/schedule/clean_log.js
2019-04-30 18:39:13,801 INFO 9444 [egg-schedule]: register schedule /mnt/g/umi-gm/node_modules/egg-logrotator/app/schedule/rotate_by_file.js
2019-04-30 18:39:41,312 INFO 9456 [egg-schedule]: register schedule /mnt/g/umi-gm/node_modules/egg-logrotator/app/schedule/clean_log.js
2019-04-30 18:39:41,312 INFO 9456 [egg-schedule]: register schedule /mnt/g/umi-gm/node_modules/egg-logrotator/app/schedule/rotate_by_file.js
2019-04-30 18:42:32,239 INFO 9468 [egg-schedule]: register schedule /mnt/g/umi-gm/node_modules/egg-logrotator/app/schedule/clean_log.js
2019-04-30 18:42:32,239 INFO 9468 [egg-schedule]: register schedule /mnt/g/umi-gm/node_modules/egg-logrotator/app/schedule/rotate_by_file.js
2019-04-30 18:44:02,487 INFO 9480 [egg-schedule]: register schedule /mnt/g/umi-gm/node_modules/egg-logrotator/app/schedule/clean_log.js
2019-04-30 18:44:02,487 INFO 9480 [egg-schedule]: register schedule /mnt/g/umi-gm/node_modules/egg-logrotator/app/schedule/rotate_by_file.js
2019-04-30 18:44:18,683 INFO 9492 [egg-schedule]: register schedule /mnt/g/umi-gm/node_modules/egg-logrotator/app/schedule/clean_log.js
2019-04-30 18:44:18,683 INFO 9492 [egg-schedule]: register schedule /mnt/g/umi-gm/node_modules/egg-logrotator/app/schedule/rotate_by_file.js
2019-04-30 18:49:43,448 INFO 9504 [egg-schedule]: register schedule /mnt/g/umi-gm/node_modules/egg-logrotator/app/schedule/clean_log.js
2019-04-30 18:49:43,448 INFO 9504 [egg-schedule]: register schedule /mnt/g/umi-gm/node_modules/egg-logrotator/app/schedule/rotate_by_file.js
2019-04-30 18:50:07,166 INFO 9516 [egg-schedule]: register schedule /mnt/g/umi-gm/node_modules/egg-logrotator/app/schedule/clean_log.js
2019-04-30 18:50:07,166 INFO 9516 [egg-schedule]: register schedule /mnt/g/umi-gm/node_modules/egg-logrotator/app/schedule/rotate_by_file.js
2019-04-30 18:50:20,881 INFO 9528 [egg-schedule]: register schedule /mnt/g/umi-gm/node_modules/egg-logrotator/app/schedule/clean_log.js
2019-04-30 18:50:20,881 INFO 9528 [egg-schedule]: register schedule /mnt/g/umi-gm/node_modules/egg-logrotator/app/schedule/rotate_by_file.js
2019-04-30 18:58:55,271 INFO 9595 [egg-schedule]: register schedule /mnt/g/umi-gm/node_modules/egg-logrotator/app/schedule/clean_log.js
2019-04-30 18:58:55,271 INFO 9595 [egg-schedule]: register schedule /mnt/g/umi-gm/node_modules/egg-logrotator/app/schedule/rotate_by_file.js
2019-04-30 18:58:57,161 INFO 9577 [Timer] /mnt/g/umi-gm/node_modules/egg-logrotator/app/schedule/clean_log.js next time will execute after 18062848ms at 2019-05-01 00:00:00.009
2019-04-30 18:58:57,162 INFO 9577 [Timer] /mnt/g/umi-gm/node_modules/egg-logrotator/app/schedule/rotate_by_file.js next time will execute after 18063838ms at 2019-05-01 00:00:01.000
2019-05-04 16:30:39,673 INFO 3852 [egg-schedule]: register schedule /Users/zh/Desktop/gm/node_modules/egg-logrotator/app/schedule/clean_log.js
2019-05-04 16:30:39,673 INFO 3852 [egg-schedule]: register schedule /Users/zh/Desktop/gm/node_modules/egg-logrotator/app/schedule/rotate_by_file.js
2019-05-04 16:32:00,132 INFO 3964 [egg-schedule]: register schedule /Users/zh/Desktop/gm/node_modules/egg-logrotator/app/schedule/clean_log.js
2019-05-04 16:32:00,132 INFO 3964 [egg-schedule]: register schedule /Users/zh/Desktop/gm/node_modules/egg-logrotator/app/schedule/rotate_by_file.js
2019-05-04 16:32:44,107 INFO 4041 [egg-schedule]: register schedule /Users/zh/Desktop/gm/node_modules/egg-logrotator/app/schedule/clean_log.js
2019-05-04 16:32:44,107 INFO 4041 [egg-schedule]: register schedule /Users/zh/Desktop/gm/node_modules/egg-logrotator/app/schedule/rotate_by_file.js
2019-05-04 16:32:44,394 INFO 4039 [Timer] /Users/zh/Desktop/gm/node_modules/egg-logrotator/app/schedule/clean_log.js next time will execute after 26835609ms at 2019-05-05 00:00:00.003
2019-05-04 16:32:44,395 INFO 4039 [Timer] /Users/zh/Desktop/gm/node_modules/egg-logrotator/app/schedule/rotate_by_file.js next time will execute after 26836605ms at 2019-05-05 00:00:01.000
2019-05-04 16:34:29,791 INFO 4079 [egg-schedule]: register schedule /Users/zh/Desktop/gm/node_modules/egg-logrotator/app/schedule/clean_log.js
2019-05-04 16:34:29,791 INFO 4079 [egg-schedule]: register schedule /Users/zh/Desktop/gm/node_modules/egg-logrotator/app/schedule/rotate_by_file.js
2019-05-04 16:36:13,736 INFO 4118 [egg-schedule]: register schedule /Users/zh/Desktop/gm/node_modules/egg-logrotator/app/schedule/clean_log.js
2019-05-04 16:36:13,737 INFO 4118 [egg-schedule]: register schedule /Users/zh/Desktop/gm/node_modules/egg-logrotator/app/schedule/rotate_by_file.js
2019-05-04 16:36:34,389 INFO 4139 [egg-schedule]: register schedule /Users/zh/Desktop/gm/node_modules/egg-logrotator/app/schedule/clean_log.js
2019-05-04 16:36:34,389 INFO 4139 [egg-schedule]: register schedule /Users/zh/Desktop/gm/node_modules/egg-logrotator/app/schedule/rotate_by_file.js
2019-05-04 16:37:19,318 INFO 4156 [egg-schedule]: register schedule /Users/zh/Desktop/gm/node_modules/egg-logrotator/app/schedule/clean_log.js
2019-05-04 16:37:19,318 INFO 4156 [egg-schedule]: register schedule /Users/zh/Desktop/gm/node_modules/egg-logrotator/app/schedule/rotate_by_file.js
2019-05-04 16:38:11,567 INFO 4189 [egg-schedule]: register schedule /Users/zh/Desktop/gm/node_modules/egg-logrotator/app/schedule/clean_log.js
2019-05-04 16:38:11,567 INFO 4189 [egg-schedule]: register schedule /Users/zh/Desktop/gm/node_modules/egg-logrotator/app/schedule/rotate_by_file.js
2019-05-04 16:39:09,592 INFO 4232 [egg-schedule]: register schedule /Users/zh/Desktop/gm/node_modules/egg-logrotator/app/schedule/clean_log.js
2019-05-04 16:39:09,592 INFO 4232 [egg-schedule]: register schedule /Users/zh/Desktop/gm/node_modules/egg-logrotator/app/schedule/rotate_by_file.js
2019-05-04 16:41:05,090 INFO 4274 [egg-schedule]: register schedule /Users/zh/Desktop/gm/node_modules/egg-logrotator/app/schedule/clean_log.js
2019-05-04 16:41:05,090 INFO 4274 [egg-schedule]: register schedule /Users/zh/Desktop/gm/node_modules/egg-logrotator/app/schedule/rotate_by_file.js
2019-05-04 16:41:11,391 INFO 4285 [egg-schedule]: register schedule /Users/zh/Desktop/gm/node_modules/egg-logrotator/app/schedule/clean_log.js
2019-05-04 16:41:11,392 INFO 4285 [egg-schedule]: register schedule /Users/zh/Desktop/gm/node_modules/egg-logrotator/app/schedule/rotate_by_file.js
2019-05-04 16:42:11,577 INFO 4310 [egg-schedule]: register schedule /Users/zh/Desktop/gm/node_modules/egg-logrotator/app/schedule/clean_log.js
2019-05-04 16:42:11,577 INFO 4310 [egg-schedule]: register schedule /Users/zh/Desktop/gm/node_modules/egg-logrotator/app/schedule/rotate_by_file.js
2019-05-04 16:42:30,791 INFO 4322 [egg-schedule]: register schedule /Users/zh/Desktop/gm/node_modules/egg-logrotator/app/schedule/clean_log.js
2019-05-04 16:42:30,791 INFO 4322 [egg-schedule]: register schedule /Users/zh/Desktop/gm/node_modules/egg-logrotator/app/schedule/rotate_by_file.js
2019-05-04 16:43:43,708 INFO 4348 [egg-schedule]: register schedule /Users/zh/Desktop/gm/node_modules/egg-logrotator/app/schedule/clean_log.js
2019-05-04 16:43:43,708 INFO 4348 [egg-schedule]: register schedule /Users/zh/Desktop/gm/node_modules/egg-logrotator/app/schedule/rotate_by_file.js
2019-05-04 16:43:47,876 INFO 4357 [egg-schedule]: register schedule /Users/zh/Desktop/gm/node_modules/egg-logrotator/app/schedule/clean_log.js
2019-05-04 16:43:47,876 INFO 4357 [egg-schedule]: register schedule /Users/zh/Desktop/gm/node_modules/egg-logrotator/app/schedule/rotate_by_file.js
2019-05-04 16:44:17,097 INFO 4374 [egg-schedule]: register schedule /Users/zh/Desktop/gm/node_modules/egg-logrotator/app/schedule/clean_log.js
2019-05-04 16:44:17,097 INFO 4374 [egg-schedule]: register schedule /Users/zh/Desktop/gm/node_modules/egg-logrotator/app/schedule/rotate_by_file.js
2019-05-04 16:44:24,029 INFO 4387 [egg-schedule]: register schedule /Users/zh/Desktop/gm/node_modules/egg-logrotator/app/schedule/clean_log.js
2019-05-04 16:44:24,029 INFO 4387 [egg-schedule]: register schedule /Users/zh/Desktop/gm/node_modules/egg-logrotator/app/schedule/rotate_by_file.js
2019-05-04 16:44:32,922 INFO 4411 [egg-schedule]: register schedule /Users/zh/Desktop/gm/node_modules/egg-logrotator/app/schedule/clean_log.js
2019-05-04 16:44:32,922 INFO 4411 [egg-schedule]: register schedule /Users/zh/Desktop/gm/node_modules/egg-logrotator/app/schedule/rotate_by_file.js
2019-05-04 16:44:42,977 INFO 4434 [egg-schedule]: register schedule /Users/zh/Desktop/gm/node_modules/egg-logrotator/app/schedule/clean_log.js
2019-05-04 16:44:42,977 INFO 4434 [egg-schedule]: register schedule /Users/zh/Desktop/gm/node_modules/egg-logrotator/app/schedule/rotate_by_file.js
2019-05-04 16:44:46,977 INFO 4444 [egg-schedule]: register schedule /Users/zh/Desktop/gm/node_modules/egg-logrotator/app/schedule/clean_log.js
2019-05-04 16:44:46,977 INFO 4444 [egg-schedule]: register schedule /Users/zh/Desktop/gm/node_modules/egg-logrotator/app/schedule/rotate_by_file.js
2019-05-04 16:46:58,926 INFO 4462 [egg-schedule]: register schedule /Users/zh/Desktop/gm/node_modules/egg-logrotator/app/schedule/clean_log.js
2019-05-04 16:46:58,926 INFO 4462 [egg-schedule]: register schedule /Users/zh/Desktop/gm/node_modules/egg-logrotator/app/schedule/rotate_by_file.js
2019-05-04 16:47:37,765 INFO 4479 [egg-schedule]: register schedule /Users/zh/Desktop/gm/node_modules/egg-logrotator/app/schedule/clean_log.js
2019-05-04 16:47:37,765 INFO 4479 [egg-schedule]: register schedule /Users/zh/Desktop/gm/node_modules/egg-logrotator/app/schedule/rotate_by_file.js
2019-05-04 16:47:56,630 INFO 4495 [egg-schedule]: register schedule /Users/zh/Desktop/gm/node_modules/egg-logrotator/app/schedule/clean_log.js
2019-05-04 16:47:56,630 INFO 4495 [egg-schedule]: register schedule /Users/zh/Desktop/gm/node_modules/egg-logrotator/app/schedule/rotate_by_file.js
2019-05-04 16:48:17,993 INFO 4518 [egg-schedule]: register schedule /Users/zh/Desktop/gm/node_modules/egg-logrotator/app/schedule/clean_log.js
2019-05-04 16:48:17,993 INFO 4518 [egg-schedule]: register schedule /Users/zh/Desktop/gm/node_modules/egg-logrotator/app/schedule/rotate_by_file.js
2019-05-04 16:48:58,394 INFO 4542 [egg-schedule]: register schedule /Users/zh/Desktop/gm/node_modules/egg-logrotator/app/schedule/clean_log.js
2019-05-04 16:48:58,394 INFO 4542 [egg-schedule]: register schedule /Users/zh/Desktop/gm/node_modules/egg-logrotator/app/schedule/rotate_by_file.js
2019-05-04 16:51:19,450 INFO 4573 [egg-schedule]: register schedule /Users/zh/Desktop/gm/node_modules/egg-logrotator/app/schedule/clean_log.js
2019-05-04 16:51:19,450 INFO 4573 [egg-schedule]: register schedule /Users/zh/Desktop/gm/node_modules/egg-logrotator/app/schedule/rotate_by_file.js
2019-05-04 16:52:08,676 INFO 4591 [egg-schedule]: register schedule /Users/zh/Desktop/gm/node_modules/egg-logrotator/app/schedule/clean_log.js
2019-05-04 16:52:08,676 INFO 4591 [egg-schedule]: register schedule /Users/zh/Desktop/gm/node_modules/egg-logrotator/app/schedule/rotate_by_file.js
2019-05-04 16:54:15,442 INFO 4628 [egg-schedule]: register schedule /Users/zh/Desktop/gm/node_modules/egg-logrotator/app/schedule/clean_log.js
2019-05-04 16:54:15,442 INFO 4628 [egg-schedule]: register schedule /Users/zh/Desktop/gm/node_modules/egg-logrotator/app/schedule/rotate_by_file.js
2019-05-04 16:54:30,542 INFO 4655 [egg-schedule]: register schedule /Users/zh/Desktop/gm/node_modules/egg-logrotator/app/schedule/clean_log.js
2019-05-04 16:54:30,542 INFO 4655 [egg-schedule]: register schedule /Users/zh/Desktop/gm/node_modules/egg-logrotator/app/schedule/rotate_by_file.js
2019-05-04 16:54:40,434 INFO 4676 [egg-schedule]: register schedule /Users/zh/Desktop/gm/node_modules/egg-logrotator/app/schedule/clean_log.js
2019-05-04 16:54:40,434 INFO 4676 [egg-schedule]: register schedule /Users/zh/Desktop/gm/node_modules/egg-logrotator/app/schedule/rotate_by_file.js
2019-05-04 16:54:46,874 INFO 4686 [egg-schedule]: register schedule /Users/zh/Desktop/gm/node_modules/egg-logrotator/app/schedule/clean_log.js
2019-05-04 16:54:46,874 INFO 4686 [egg-schedule]: register schedule /Users/zh/Desktop/gm/node_modules/egg-logrotator/app/schedule/rotate_by_file.js
2019-05-04 16:55:02,272 INFO 4714 [egg-schedule]: register schedule /Users/zh/Desktop/gm/node_modules/egg-logrotator/app/schedule/clean_log.js
2019-05-04 16:55:02,272 INFO 4714 [egg-schedule]: register schedule /Users/zh/Desktop/gm/node_modules/egg-logrotator/app/schedule/rotate_by_file.js
2019-05-04 16:55:58,961 INFO 4743 [egg-schedule]: register schedule /Users/zh/Desktop/gm/node_modules/egg-logrotator/app/schedule/clean_log.js
2019-05-04 16:55:58,961 INFO 4743 [egg-schedule]: register schedule /Users/zh/Desktop/gm/node_modules/egg-logrotator/app/schedule/rotate_by_file.js
2019-05-04 16:56:09,630 INFO 4759 [egg-schedule]: register schedule /Users/zh/Desktop/gm/node_modules/egg-logrotator/app/schedule/clean_log.js
2019-05-04 16:56:09,630 INFO 4759 [egg-schedule]: register schedule /Users/zh/Desktop/gm/node_modules/egg-logrotator/app/schedule/rotate_by_file.js
2019-05-04 16:56:22,354 INFO 4782 [egg-schedule]: register schedule /Users/zh/Desktop/gm/node_modules/egg-logrotator/app/schedule/clean_log.js
2019-05-04 16:56:22,354 INFO 4782 [egg-schedule]: register schedule /Users/zh/Desktop/gm/node_modules/egg-logrotator/app/schedule/rotate_by_file.js
2019-05-04 16:56:25,163 INFO 4783 [egg-schedule]: register schedule /Users/zh/Desktop/gm/node_modules/egg-logrotator/app/schedule/clean_log.js
2019-05-04 16:56:25,163 INFO 4783 [egg-schedule]: register schedule /Users/zh/Desktop/gm/node_modules/egg-logrotator/app/schedule/rotate_by_file.js
2019-05-04 16:56:54,033 INFO 4815 [egg-schedule]: register schedule /Users/zh/Desktop/gm/node_modules/egg-logrotator/app/schedule/clean_log.js
2019-05-04 16:56:54,033 INFO 4815 [egg-schedule]: register schedule /Users/zh/Desktop/gm/node_modules/egg-logrotator/app/schedule/rotate_by_file.js
2019-05-04 16:57:07,057 INFO 4845 [egg-schedule]: register schedule /Users/zh/Desktop/gm/node_modules/egg-logrotator/app/schedule/clean_log.js
2019-05-04 16:57:07,057 INFO 4845 [egg-schedule]: register schedule /Users/zh/Desktop/gm/node_modules/egg-logrotator/app/schedule/rotate_by_file.js
2019-05-04 16:58:30,074 INFO 4862 [egg-schedule]: register schedule /Users/zh/Desktop/gm/node_modules/egg-logrotator/app/schedule/clean_log.js
2019-05-04 16:58:30,074 INFO 4862 [egg-schedule]: register schedule /Users/zh/Desktop/gm/node_modules/egg-logrotator/app/schedule/rotate_by_file.js
2019-05-04 16:59:25,972 INFO 4902 [egg-schedule]: register schedule /Users/zh/Desktop/gm/node_modules/egg-logrotator/app/schedule/clean_log.js
2019-05-04 16:59:25,972 INFO 4902 [egg-schedule]: register schedule /Users/zh/Desktop/gm/node_modules/egg-logrotator/app/schedule/rotate_by_file.js
2019-05-04 16:59:30,584 INFO 4911 [egg-schedule]: register schedule /Users/zh/Desktop/gm/node_modules/egg-logrotator/app/schedule/clean_log.js
2019-05-04 16:59:30,584 INFO 4911 [egg-schedule]: register schedule /Users/zh/Desktop/gm/node_modules/egg-logrotator/app/schedule/rotate_by_file.js
2019-05-04 17:00:51,389 INFO 4927 [egg-schedule]: register schedule /Users/zh/Desktop/gm/node_modules/egg-logrotator/app/schedule/clean_log.js
2019-05-04 17:00:51,389 INFO 4927 [egg-schedule]: register schedule /Users/zh/Desktop/gm/node_modules/egg-logrotator/app/schedule/rotate_by_file.js
2019-05-04 17:00:53,525 INFO 4928 [egg-schedule]: register schedule /Users/zh/Desktop/gm/node_modules/egg-logrotator/app/schedule/clean_log.js
2019-05-04 17:00:53,526 INFO 4928 [egg-schedule]: register schedule /Users/zh/Desktop/gm/node_modules/egg-logrotator/app/schedule/rotate_by_file.js
2019-05-04 17:01:30,603 INFO 4946 [egg-schedule]: register schedule /Users/zh/Desktop/gm/node_modules/egg-logrotator/app/schedule/clean_log.js
2019-05-04 17:01:30,603 INFO 4946 [egg-schedule]: register schedule /Users/zh/Desktop/gm/node_modules/egg-logrotator/app/schedule/rotate_by_file.js
2019-05-04 17:01:59,179 INFO 4968 [egg-schedule]: register schedule /Users/zh/Desktop/gm/node_modules/egg-logrotator/app/schedule/clean_log.js
2019-05-04 17:01:59,179 INFO 4968 [egg-schedule]: register schedule /Users/zh/Desktop/gm/node_modules/egg-logrotator/app/schedule/rotate_by_file.js
2019-05-04 17:02:23,572 INFO 4987 [egg-schedule]: register schedule /Users/zh/Desktop/gm/node_modules/egg-logrotator/app/schedule/clean_log.js
2019-05-04 17:02:23,573 INFO 4987 [egg-schedule]: register schedule /Users/zh/Desktop/gm/node_modules/egg-logrotator/app/schedule/rotate_by_file.js
2019-05-04 17:05:17,579 INFO 5050 [egg-schedule]: register schedule /Users/zh/Desktop/gm/node_modules/egg-logrotator/app/schedule/clean_log.js
2019-05-04 17:05:17,579 INFO 5050 [egg-schedule]: register schedule /Users/zh/Desktop/gm/node_modules/egg-logrotator/app/schedule/rotate_by_file.js
2019-05-04 17:05:37,588 INFO 5074 [egg-schedule]: register schedule /Users/zh/Desktop/gm/node_modules/egg-logrotator/app/schedule/clean_log.js
2019-05-04 17:05:37,588 INFO 5074 [egg-schedule]: register schedule /Users/zh/Desktop/gm/node_modules/egg-logrotator/app/schedule/rotate_by_file.js
2019-05-04 17:05:45,556 INFO 5090 [egg-schedule]: register schedule /Users/zh/Desktop/gm/node_modules/egg-logrotator/app/schedule/clean_log.js
2019-05-04 17:05:45,556 INFO 5090 [egg-schedule]: register schedule /Users/zh/Desktop/gm/node_modules/egg-logrotator/app/schedule/rotate_by_file.js
2019-05-04 17:06:46,975 INFO 5113 [egg-schedule]: register schedule /Users/zh/Desktop/gm/node_modules/egg-logrotator/app/schedule/clean_log.js
2019-05-04 17:06:46,975 INFO 5113 [egg-schedule]: register schedule /Users/zh/Desktop/gm/node_modules/egg-logrotator/app/schedule/rotate_by_file.js
2019-05-04 17:07:06,087 INFO 5129 [egg-schedule]: register schedule /Users/zh/Desktop/gm/node_modules/egg-logrotator/app/schedule/clean_log.js
2019-05-04 17:07:06,087 INFO 5129 [egg-schedule]: register schedule /Users/zh/Desktop/gm/node_modules/egg-logrotator/app/schedule/rotate_by_file.js
2019-05-04 17:07:20,683 INFO 5145 [egg-schedule]: register schedule /Users/zh/Desktop/gm/node_modules/egg-logrotator/app/schedule/clean_log.js
2019-05-04 17:07:20,683 INFO 5145 [egg-schedule]: register schedule /Users/zh/Desktop/gm/node_modules/egg-logrotator/app/schedule/rotate_by_file.js
2019-05-04 17:08:48,630 INFO 5192 [egg-schedule]: register schedule /Users/zh/Desktop/gm/node_modules/egg-logrotator/app/schedule/clean_log.js
2019-05-04 17:08:48,630 INFO 5192 [egg-schedule]: register schedule /Users/zh/Desktop/gm/node_modules/egg-logrotator/app/schedule/rotate_by_file.js
2019-05-04 17:09:40,530 INFO 5209 [egg-schedule]: register schedule /Users/zh/Desktop/gm/node_modules/egg-logrotator/app/schedule/clean_log.js
2019-05-04 17:09:40,530 INFO 5209 [egg-schedule]: register schedule /Users/zh/Desktop/gm/node_modules/egg-logrotator/app/schedule/rotate_by_file.js
2019-05-04 17:11:45,941 INFO 5232 [egg-schedule]: register schedule /Users/zh/Desktop/gm/node_modules/egg-logrotator/app/schedule/clean_log.js
2019-05-04 17:11:45,941 INFO 5232 [egg-schedule]: register schedule /Users/zh/Desktop/gm/node_modules/egg-logrotator/app/schedule/rotate_by_file.js
2019-05-04 17:11:58,077 INFO 5255 [egg-schedule]: register schedule /Users/zh/Desktop/gm/node_modules/egg-logrotator/app/schedule/clean_log.js
2019-05-04 17:11:58,077 INFO 5255 [egg-schedule]: register schedule /Users/zh/Desktop/gm/node_modules/egg-logrotator/app/schedule/rotate_by_file.js
2019-05-04 17:12:37,681 INFO 5272 [egg-schedule]: register schedule /Users/zh/Desktop/gm/node_modules/egg-logrotator/app/schedule/clean_log.js
2019-05-04 17:12:37,681 INFO 5272 [egg-schedule]: register schedule /Users/zh/Desktop/gm/node_modules/egg-logrotator/app/schedule/rotate_by_file.js
2019-05-04 17:13:03,582 INFO 5295 [egg-schedule]: register schedule /Users/zh/Desktop/gm/node_modules/egg-logrotator/app/schedule/clean_log.js
2019-05-04 17:13:03,582 INFO 5295 [egg-schedule]: register schedule /Users/zh/Desktop/gm/node_modules/egg-logrotator/app/schedule/rotate_by_file.js
2019-05-04 17:13:05,045 INFO 5296 [egg-schedule]: register schedule /Users/zh/Desktop/gm/node_modules/egg-logrotator/app/schedule/clean_log.js
2019-05-04 17:13:05,045 INFO 5296 [egg-schedule]: register schedule /Users/zh/Desktop/gm/node_modules/egg-logrotator/app/schedule/rotate_by_file.js
